#Acceptor              DonorH          Donor   Frames         Frac      AvgDist       AvgAng
ASP_27@OD1        THR_113@HG1    THR_113@OG1    39958       0.9990       2.6458     162.9712
THR_113@O             LEU_8@H        LEU_8@N    39839       0.9960       2.8530     161.3974
CYS_152@O           HIE_114@H      HIE_114@N    39818       0.9954       2.8462     161.0454
ILE_5@O            TYR_100@HH     TYR_100@OH    39662       0.9916       2.7158     163.1331
MET_42@O             LEU_62@H       LEU_62@N    39554       0.9889       2.8871     165.0592
GLU_154@O           LEU_112@H      LEU_112@N    39549       0.9887       2.8843     162.1277
LEU_110@O           LEU_156@H      LEU_156@N    39427       0.9857       2.9014     163.9320
PHE_31@O           THR_35@HG1     THR_35@OG1    39365       0.9841       2.7747     165.0503
MET_92@O             ILE_41@H       ILE_41@N    39303       0.9826       2.9047     164.1824
ILE_91@O              SER_3@H        SER_3@N    39245       0.9811       2.8717     155.0783
LEU_156@O           LEU_110@H      LEU_110@N    39204       0.9801       2.9079     155.4093
LEU_4@O             TYR_111@H      TYR_111@N    39199       0.9800       2.9095     163.8734
LYS_58@O             VAL_40@H       VAL_40@N    38964       0.9741       2.9078     163.1127
LEU_8@O             ILE_115@H      ILE_115@N    38899       0.9725       2.8987     159.0097
GLY_95@O             GLY_43@H       GLY_43@N    38823       0.9706       2.9015     153.8231
THR_73@O             ILE_61@H       ILE_61@N    38771       0.9693       2.9004     162.9535
TYR_151@O           HIE_141@H      HIE_141@N    38613       0.9653       2.9068     155.4805
GLU_139@O           PHE_153@H      PHE_153@N    38567       0.9642       2.9201     158.4978
ALA_107@O          ARG_158@HE     ARG_158@NE    38516       0.9629       2.8686     153.4876
SER_3@O              VAL_93@H       VAL_93@N    37780       0.9445       2.9020     149.2194
THR_123@O            ILE_14@H       ILE_14@N    37780       0.9445       2.9356     164.4581
ILE_41@O             ILE_94@H       ILE_94@N    37633       0.9408       2.9552     166.2309
ILE_155@O           VAL_136@H      VAL_136@N    37593       0.9398       2.9057     158.7761
ASP_132@O           ARG_159@H      ARG_159@N    37268       0.9317       2.8953     161.8430
GLY_96@O            TYR_100@H      TYR_100@N    37087       0.9272       2.9409     158.7266
ARG_12@O            PHE_125@H      PHE_125@N    37072       0.9268       2.9293     155.8990
VAL_40@O             ILE_60@H       ILE_60@N    36994       0.9248       2.9517     160.1367
HIE_114@O           CYS_152@H      CYS_152@N    36808       0.9202       2.9325     149.5319
GLU_134@O           GLU_157@H      GLU_157@N    36778       0.9194       2.9626     163.1365
PHE_137@O           ILE_155@H      ILE_155@N    36691       0.9173       2.9267     154.4242
ILE_2@O             GLN_108@H      GLN_108@N    36597       0.9149       2.9556     154.4285
ALA_29@O             ARG_33@H       ARG_33@N    36532       0.9133       2.9415     163.2883
ASP_27@O             PHE_31@H       PHE_31@N    36183       0.9046       2.9580     159.4888
VAL_75@O             SER_63@H       SER_63@N    36123       0.9031       2.9477     164.2601
ILE_60@O             MET_42@H       MET_42@N    36011       0.9003       2.9848     156.5588
LEU_112@O           GLU_154@H      GLU_154@N    35984       0.8996       2.9551     154.5184
GLU_80@O             ALA_84@H       ALA_84@N    35938       0.8984       2.9379     152.4955
ASP_69@O           TRP_74@HE1     TRP_74@NE1    35868       0.8967       2.9057     157.9633
PRO_55@O            ARG_57@HE      ARG_57@NE    35484       0.8871       2.8902     152.0803
GLU_157@O           GLU_134@H      GLU_134@N    35291       0.8823       2.9593     160.4489
ILE_61@O             VAL_75@H       VAL_75@N    35024       0.8756       2.9830     161.3917
ALA_26@O             TRP_30@H       TRP_30@N    34781       0.8695       2.9659     152.5855
MET_1@O              ILE_91@H       ILE_91@N    34737       0.8684       2.9579     158.2562
GLU_129@O           ASP_132@H      ASP_132@N    34469       0.8617       2.9616     151.4707
GLY_43@O             TRP_47@H       TRP_47@N    34260       0.8565       2.9981     161.9687
TYR_100@O           LEU_104@H      LEU_104@N    34111       0.8528       2.9295     146.9158
ASN_147@O           ASP_144@H      ASP_144@N    34027       0.8507       2.9606     161.9191
PRO_39@O             MET_92@H       MET_92@N    33990       0.8498       2.9858     155.1891
GLN_108@O           ARG_158@H      ARG_158@N    33704       0.8426       2.9655     159.3906
SER_150@O           ASP_116@H      ASP_116@N    33568       0.8392       2.9786     164.1261
ALA_19@O             MET_16@H       MET_16@N    33556       0.8389       2.9467     157.0044
LEU_28@O             LYS_32@H       LYS_32@N    33168       0.8292       2.9731     160.8989
SER_77@O             ALA_81@H       ALA_81@N    32783       0.8196       2.9851     148.6425
ARG_98@O            GLN_102@H      GLN_102@N    32729       0.8182       2.9503     150.1154
VAL_13@O              ALA_9@H        ALA_9@N    32556       0.8139       2.9860     164.0295
LYS_109@O             LEU_4@H        LEU_4@N    32163       0.8041       2.9894     155.8590
THR_35@OG1        ARG_57@HH11     ARG_57@NH1    31925       0.7981       2.9565     155.5490
ASN_147@OD1          ALA_26@H       ALA_26@N    31523       0.7881       2.9707     163.1322
PHE_103@O           LYS_106@H      LYS_106@N    31471       0.7868       2.9432     140.5021
ILE_115@O           ALA_117@H      ALA_117@N    31142       0.7785       2.9749     142.7883
PRO_55@O          ARG_57@HH21     ARG_57@NH2    31003       0.7751       2.9236     144.6605
LEU_104@O        ARG_158@HH21    ARG_158@NH2    31001       0.7750       2.8579     149.0202
GLU_129@O           TRP_133@H      TRP_133@N    30802       0.7701       2.9721     152.1248
ASP_69@OD2          ARG_71@HE      ARG_71@NE    30584       0.7646       2.9802     155.8385
ASN_59@OD1           LEU_54@H       LEU_54@N    30493       0.7623       2.9742     157.9511
ASP_69@OD1        ARG_71@HH21     ARG_71@NH2    30377       0.7594       2.7780     159.8930
TRP_47@O             GLY_51@H       GLY_51@N    30350       0.7588       2.9515     156.7481
THR_46@O             ILE_50@H       ILE_50@N    29987       0.7497       2.9769     153.5055
GLN_65@O            SER_63@HG      SER_63@OG    29922       0.7480       2.7137     158.8664
ARG_44@O             GLU_48@H       GLU_48@N    29602       0.7400       2.9959     160.9855
PRO_25@O             ALA_29@H       ALA_29@N    29305       0.7326       2.9993     152.2622
PHE_103@O           ALA_107@H      ALA_107@N    29058       0.7265       2.9237     143.7594
VAL_78@O             ILE_82@H       ILE_82@N    28861       0.7215       3.0036     159.3935
PHE_153@O           GLU_139@H      GLU_139@N    28652       0.7163       3.0165     154.4686
ASP_144@OD2      ASN_147@HD21    ASN_147@ND2    28516       0.7129       2.9447     152.6684
ASP_144@OD1      ASN_147@HD21    ASN_147@ND2    27687       0.6922       2.9603     152.2137
TRP_30@O             ASN_34@H       ASN_34@N    27525       0.6881       3.0123     158.5844
ASN_59@O             THR_73@H       THR_73@N    27504       0.6876       2.9810     158.8911
LEU_24@O             LEU_28@H       LEU_28@N    27503       0.6876       3.0256     154.6281
LEU_54@O          ASN_59@HD22     ASN_59@ND2    26961       0.6740       2.9939     156.8393
ASP_144@OD1         ASN_147@H      ASN_147@N    26865       0.6716       2.8777     161.0092
PHE_31@O             THR_35@H       THR_35@N    26801       0.6700       2.9792     143.6234
HIP_45@O             SER_49@H       SER_49@N    26503       0.6626       2.9819     144.9810
GLN_108@OE1           ILE_2@H        ILE_2@N    26461       0.6615       2.8804     159.1999
HIE_141@O           TYR_151@H      TYR_151@N    26209       0.6552       3.0143     160.6713
ASP_144@OD1         GLN_146@H      GLN_146@N    26107       0.6527       2.9368     155.8734
ALA_6@O             THR_113@H      THR_113@N    26044       0.6511       3.0390     144.0872
GLU_90@OE2           SER_3@HG       SER_3@OG    24823       0.6206       2.6846     163.5845
PHE_153@O          SER_138@HG     SER_138@OG    24273       0.6068       2.7791     158.6015
VAL_93@O              ILE_5@H        ILE_5@N    23134       0.5784       3.0562     153.4978
THR_35@O             LYS_38@H       LYS_38@N    22970       0.5743       3.0194     151.7126
ASP_11@O          HIP_124@HD1    HIP_124@ND1    22488       0.5622       2.7777     152.3439
ASP_69@OD1          ARG_71@HE      ARG_71@NE    22239       0.5560       3.0157     146.7709
GLY_86@O             VAL_88@H       VAL_88@N    22234       0.5558       2.9780     140.8396
ASP_79@O             ALA_83@H       ALA_83@N    21953       0.5488       3.0154     155.2416
GLU_154@OE2       HIE_114@HE2    HIE_114@NE2    21902       0.5475       2.8592     153.2735
LEU_24@O             ASP_27@H       ASP_27@N    20780       0.5195       2.9859     134.3475
GLU_154@OE1        SER_135@HG     SER_135@OG    20349       0.5087       2.7145     162.5918
SER_63@OG         ARG_44@HH11     ARG_44@NH1    20081       0.5020       2.9440     150.4726
ALA_117@O            VAL_10@H       VAL_10@N    19980       0.4995       3.0022     164.6416
VAL_99@O            PHE_103@H      PHE_103@N    19868       0.4967       3.0502     153.6446
ASP_69@OD2           ARG_71@H       ARG_71@N    19312       0.4828       3.0186     162.1226
TYR_111@O             ALA_6@H        ALA_6@N    18289       0.4572       3.0678     154.2566
GLY_97@O            GLU_101@H      GLU_101@N    17500       0.4375       3.0364     160.5672
PRO_130@O        ARG_159@HH21    ARG_159@NH2    17454       0.4364       2.8882     144.3260
PRO_130@O          ARG_159@HE     ARG_159@NE    16412       0.4103       2.9326     144.3612
TRP_22@O             LEU_24@H       LEU_24@N    16244       0.4061       2.9409     143.1012
PRO_21@O             ASN_23@H       ASN_23@N    15643       0.3911       2.9434     142.7391
ALA_83@O             GLY_86@H       GLY_86@N    15438       0.3860       3.0224     149.2250
GLU_154@OE1       HIE_114@HE2    HIE_114@NE2    15433       0.3858       2.8631     153.4147
LYS_32@O             LEU_36@H       LEU_36@N    14984       0.3746       3.0059     145.6109
GLU_154@OE2        SER_135@HG     SER_135@OG    14661       0.3665       2.7167     162.4879
ALA_81@O             CYS_85@H       CYS_85@N    14569       0.3642       3.0329     140.6170
ASN_34@O           LYS_38@HZ1      LYS_38@NZ    13647       0.3412       2.8710     154.8591
THR_46@O             SER_49@H       SER_49@N    13604       0.3401       3.0219     133.5744
TRP_30@O          ASN_34@HD21     ASN_34@ND2    13316       0.3329       2.8877     141.0837
GLU_118@O          TRP_22@HE1     TRP_22@NE1    12960       0.3240       2.9623     155.7952
PRO_66@O          ARG_44@HH12     ARG_44@NH1    12464       0.3116       2.8594     158.0997
VAL_119@O           GLY_121@H      GLY_121@N    12347       0.3087       2.9316     139.6456
ILE_50@O             ARG_52@H       ARG_52@N    12219       0.3055       2.9725     137.0902
ASP_116@OD1        SER_150@HG     SER_150@OG    11988       0.2997       2.6564     165.0078
ASN_34@O           LYS_38@HZ2      LYS_38@NZ    11820       0.2955       2.8701     154.9189
LYS_32@O             THR_35@H       THR_35@N    11637       0.2909       3.0439     146.0302
ASP_144@OD2         ASN_147@H      ASN_147@N    11348       0.2837       2.8805     162.3400
LEU_36@O             LYS_38@H       LYS_38@N    11031       0.2758       2.9588     131.7895
ASP_144@OD2         GLN_146@H      GLN_146@N    11013       0.2753       2.9339     155.9022
ASN_34@O           LYS_38@HZ3      LYS_38@NZ    10901       0.2725       2.8735     154.5479
GLU_118@OE2         GLU_118@H      GLU_118@N    10688       0.2672       2.8723     148.4338
GLU_118@OE1         GLU_118@H      GLU_118@N    10089       0.2522       2.8735     148.0803
ALA_84@O           LYS_58@HZ1      LYS_58@NZ    10000       0.2500       2.8397     152.2250
GLU_90@OE2         LYS_38@HZ2      LYS_38@NZ     9949       0.2487       2.8198     158.1096
GLU_90@OE1           SER_3@HG       SER_3@OG     9756       0.2439       2.6826     164.2198
ILE_82@O             CYS_85@H       CYS_85@N     9706       0.2427       3.0579     142.3465
ASP_69@OD2        ARG_71@HH21     ARG_71@NH2     9700       0.2425       2.7890     158.4532
ALA_84@O           LYS_58@HZ2      LYS_58@NZ     9666       0.2417       2.8425     152.3497
LEU_112@O          TRP_30@HE1     TRP_30@NE1     9630       0.2407       3.0196     147.0054
ALA_84@O           LYS_58@HZ3      LYS_58@NZ     9610       0.2402       2.8410     152.4692
GLU_134@OE1         SER_135@H      SER_135@N     9427       0.2357       2.9345     146.7112
GLU_134@OE2         SER_135@H      SER_135@N     9326       0.2331       2.9321     146.7824
GLY_56@O             ASP_37@H       ASP_37@N     8996       0.2249       2.9691     146.3355
ASP_116@OD2        SER_150@HG     SER_150@OG     8916       0.2229       2.6524     164.7894
ALA_9@O              VAL_13@H       VAL_13@N     8640       0.2160       3.0349     139.2719
TRP_47@O             ILE_50@H       ILE_50@N     8618       0.2155       3.0227     137.4468
GLU_90@OE2         LYS_38@HZ3      LYS_38@NZ     8518       0.2130       2.8198     157.8839
GLU_90@OE1        LYS_109@HZ1     LYS_109@NZ     8517       0.2129       2.8585     155.6757
GLU_90@OE1        LYS_109@HZ2     LYS_109@NZ     8508       0.2127       2.8629     155.1104
PRO_89@O             MET_1@H2        MET_1@N     8217       0.2054       2.9088     149.1585
GLU_90@OE1        LYS_109@HZ3     LYS_109@NZ     8180       0.2045       2.8620     154.8716
PRO_89@O             MET_1@H3        MET_1@N     8125       0.2031       2.9082     149.0491
GLU_80@OE2           LYS_76@H       LYS_76@N     8088       0.2022       2.8850     162.0614
SER_77@OG            GLU_80@H       GLU_80@N     7964       0.1991       3.0614     155.8598
PRO_89@O             MET_1@H1        MET_1@N     7960       0.1990       2.9098     148.8629
SER_77@O             GLU_80@H       GLU_80@N     7896       0.1974       3.0582     132.2118
ALA_117@O          TRP_22@HE1     TRP_22@NE1     7688       0.1922       2.9927     152.4544
TYR_100@O           PHE_103@H      PHE_103@N     7333       0.1833       3.0702     135.8238
ALA_107@O        ARG_158@HH21    ARG_158@NH2     7236       0.1809       2.9544     143.5508
GLY_96@O             VAL_99@H       VAL_99@N     7211       0.1803       3.0404     128.9380
LEU_104@O           ALA_107@H      ALA_107@N     7203       0.1801       3.0777     144.5644
ASN_18@OD1          SER_49@HG      SER_49@OG     7154       0.1789       2.7838     160.5538
THR_46@O            SER_49@HG      SER_49@OG     7144       0.1786       2.7063     163.0291
GLU_90@OE2         LYS_38@HZ1      LYS_38@NZ     7052       0.1763       2.8232     157.3905
GLU_80@OE1           LYS_76@H       LYS_76@N     6831       0.1708       2.8861     161.8105
PRO_55@O             ARG_57@H       ARG_57@N     6772       0.1693       2.9302     138.0470
ASP_116@O         HIE_149@HE2    HIE_149@NE2     6579       0.1645       2.9108     152.1497
ASP_142@OD2         ALA_143@H      ALA_143@N     6431       0.1608       2.8822     139.2683
VAL_78@O             ALA_81@H       ALA_81@N     6177       0.1544       3.0488     128.7885
TRP_133@O        ARG_159@HH21    ARG_159@NH2     6082       0.1520       2.9535     134.9963
ILE_82@O             GLY_86@H       GLY_86@N     6008       0.1502       3.0066     156.1290
ASP_69@OD1           ARG_71@H       ARG_71@N     5970       0.1492       3.0193     162.0514
ALA_9@O              ARG_12@H       ARG_12@N     5968       0.1492       3.0391     128.4686
VAL_99@O            GLN_102@H      GLN_102@N     5959       0.1490       3.0604     131.4884
ASP_144@OD1      GLN_146@HE22    GLN_146@NE2     5879       0.1470       2.8502     156.1848
PRO_126@O           TYR_128@H      TYR_128@N     5657       0.1414       3.0076     131.8295
TRP_133@O          ARG_159@HE     ARG_159@NE     5424       0.1356       2.9804     137.3269
HIP_45@O            SER_49@HG      SER_49@OG     5204       0.1301       2.7777     161.5008
SER_150@OG          ALA_143@H      ALA_143@N     5135       0.1284       3.0432     143.6700
SER_63@OG            GLN_65@H       GLN_65@N     5115       0.1279       3.0811     148.0074
GLU_139@OE1       HIE_141@HE2    HIE_141@NE2     5100       0.1275       2.8873     153.2708
GLU_101@OE2       ARG_98@HH11     ARG_98@NH1     5004       0.1251       2.8353     157.0357
PRO_130@O        ARG_159@HH11    ARG_159@NH1     4951       0.1238       2.8606     156.0720
GLU_90@OE2        LYS_109@HZ2     LYS_109@NZ     4946       0.1236       2.9135     148.2632
GLU_90@OE2        LYS_109@HZ3     LYS_109@NZ     4895       0.1224       2.9167     147.8754
GLU_139@OE2         PHE_140@H      PHE_140@N     4778       0.1195       2.9568     147.1769
ASP_79@OD1          SER_77@HG      SER_77@OG     4763       0.1191       2.6220     164.9809
PRO_130@O        ARG_159@HH12    ARG_159@NH1     4747       0.1187       2.8665     150.2502
GLU_90@OE2        LYS_109@HZ1     LYS_109@NZ     4739       0.1185       2.9203     147.2837
ASP_131@O        ARG_159@HH11    ARG_159@NH1     4712       0.1178       2.8953     147.5321
TYR_111@OH        LYS_109@HZ3     LYS_109@NZ     4706       0.1177       2.9911     140.4124
TYR_111@OH        LYS_109@HZ2     LYS_109@NZ     4643       0.1161       2.9920     141.1276
GLU_90@OE1         LYS_38@HZ2      LYS_38@NZ     4573       0.1143       2.8502     152.5995
TYR_111@OH        LYS_109@HZ1     LYS_109@NZ     4536       0.1134       2.9937     140.2676
GLU_139@OE2       HIE_141@HE2    HIE_141@NE2     4515       0.1129       2.8865     153.0313
GLU_139@OE1         PHE_140@H      PHE_140@N     4485       0.1121       2.9528     147.2360
THR_113@OG1        TRP_30@HE1     TRP_30@NE1     4431       0.1108       2.9789     128.2788
GLU_90@OE1         LYS_38@HZ1      LYS_38@NZ     4416       0.1104       2.8466     153.4125
ASP_70@OD1           ASP_70@H       ASP_70@N     4342       0.1085       2.8970     127.3733
GLN_65@OE1        ARG_44@HH12     ARG_44@NH1     4338       0.1085       2.8613     155.6864
ASP_79@OD2          SER_77@HG      SER_77@OG     4296       0.1074       2.6215     165.0729
ARG_57@O          ASN_59@HD21     ASN_59@ND2     4271       0.1068       2.8930     132.8268
GLN_108@OE1         GLN_108@H      GLN_108@N     4198       0.1050       2.9574     128.4911
ASP_132@OD1      ARG_158@HH11    ARG_158@NH1     4180       0.1045       2.7997     156.4660
ASP_70@OD2           ASP_70@H       ASP_70@N     4173       0.1043       2.8954     127.5116
GLU_90@OE1         LYS_38@HZ3      LYS_38@NZ     4141       0.1035       2.8588     152.6240
SER_77@OG            ASP_79@H       ASP_79@N     4129       0.1032       3.0683     141.2404
GLU_101@OE1       ARG_98@HH11     ARG_98@NH1     4120       0.1030       2.8400     156.2793
ARG_98@O         GLN_102@HE22    GLN_102@NE2     4075       0.1019       2.9362     157.7236
GLU_134@OE2      ARG_159@HH22    ARG_159@NH2     4051       0.1013       2.8808     144.8150
GLU_134@OE1      ARG_159@HH22    ARG_159@NH2     3925       0.0981       2.8799     144.3813
ILE_50@O          ARG_52@HH11     ARG_52@NH1     3786       0.0946       2.9091     159.2471
LEU_62@O             ARG_44@H       ARG_44@N     3745       0.0936       3.0739     132.6596
LYS_106@O        GLN_108@HE21    GLN_108@NE2     3723       0.0931       2.9117     139.0624
GLU_134@OE2      ARG_159@HH12    ARG_159@NH1     3710       0.0927       2.8677     145.7996
ASP_142@OD1         ALA_143@H      ALA_143@N     3667       0.0917       2.8867     139.1176
ASP_122@OD1       THR_123@HG1    THR_123@OG1     3436       0.0859       2.8013     158.4358
GLU_134@OE1      ARG_159@HH12    ARG_159@NH1     3385       0.0846       2.8707     145.8540
GLU_48@OE1          ARG_44@HE      ARG_44@NE     3374       0.0843       2.8796     154.4409
GLU_129@OE2         ASP_131@H      ASP_131@N     3358       0.0839       3.0008     161.2103
GLU_90@OE2         TYR_111@HH     TYR_111@OH     3339       0.0835       2.7348     162.6579
ASN_18@O            SER_49@HG      SER_49@OG     3320       0.0830       2.7903     156.6970
PRO_25@O             LEU_28@H       LEU_28@N     3288       0.0822       3.0821     129.8950
GLU_120@OE2         GLU_120@H      GLU_120@N     3226       0.0806       2.8579     150.6043
PRO_55@O          ARG_57@HH11     ARG_57@NH1     3207       0.0802       2.8585     158.9527
GLU_129@OE1         ASP_131@H      ASP_131@N     3194       0.0799       3.0001     161.4160
ASP_122@OD2       THR_123@HG1    THR_123@OG1     3152       0.0788       2.8078     158.3055
ALA_81@O             ALA_84@H       ALA_84@N     3149       0.0787       3.0582     129.2766
ILE_155@O           PHE_137@H      PHE_137@N     3144       0.0786       3.1171     150.8590
GLU_17@OE2           GLU_17@H       GLU_17@N     3100       0.0775       2.9247     145.6992
GLU_17@OE1           GLU_17@H       GLU_17@N     3090       0.0772       2.9177     145.7055
MET_16@O             ALA_19@H       ALA_19@N     3030       0.0757       3.0482     143.6626
GLU_120@OE1         GLU_120@H      GLU_120@N     2999       0.0750       2.8624     149.7969
MET_16@O             ASN_18@H       ASN_18@N     2904       0.0726       2.7836     139.5085
GLY_43@O             THR_46@H       THR_46@N     2862       0.0716       3.0678     126.2664
ASP_70@O             VAL_72@H       VAL_72@N     2806       0.0702       3.0225     129.5023
ASP_79@OD1           ASP_79@H       ASP_79@N     2744       0.0686       2.8689     127.4250
ASP_11@OD2        HIP_124@HE2    HIP_124@NE2     2710       0.0678       2.8306     158.7131
ASP_79@OD2           ASP_79@H       ASP_79@N     2676       0.0669       2.8757     127.5481
ASN_18@OD1           ALA_19@H       ALA_19@N     2657       0.0664       2.9244     138.0492
THR_35@OG1        ARG_57@HH21     ARG_57@NH2     2585       0.0646       2.9197     155.0752
ARG_98@O            GLU_101@H      GLU_101@N     2539       0.0635       3.0202     128.8010
GLU_48@OE2          ARG_44@HE      ARG_44@NE     2531       0.0633       2.8848     154.7894
LEU_54@N          ASN_59@HD22     ASN_59@ND2     2523       0.0631       3.1091     127.1423
TYR_128@OH        ARG_12@HH22     ARG_12@NH2     2503       0.0626       2.9591     144.5269
VAL_10@O             VAL_13@H       VAL_13@N     2448       0.0612       3.1106     160.4817
ASN_147@O           HIE_149@H      HIE_149@N     2366       0.0592       2.9817     127.9038
GLU_134@OE2      ARG_159@HH21    ARG_159@NH2     2362       0.0590       2.8387     152.6511
GLY_97@O            TYR_100@H      TYR_100@N     2355       0.0589       3.0664     127.9902
ASN_59@ND2           LEU_54@H       LEU_54@N     2343       0.0586       3.0963     128.7566
GLU_90@OE1         TYR_111@HH     TYR_111@OH     2302       0.0575       2.7614     160.8118
GLU_134@OE1      ARG_159@HH21    ARG_159@NH2     2300       0.0575       2.8381     152.9327
ASN_59@N          ASN_59@HD21     ASN_59@ND2     2211       0.0553       3.0297     125.5149
ASP_127@O           GLU_129@H      GLU_129@N     2202       0.0551       2.9883     133.8159
GLU_129@OE1         GLU_129@H      GLU_129@N     2157       0.0539       2.8331     151.7247
THR_35@O            ARG_57@HE      ARG_57@NE     2150       0.0537       2.9274     146.4224
PHE_137@O          SER_138@HG     SER_138@OG     2140       0.0535       2.7954     154.7709
GLU_48@OE1        ARG_44@HH21     ARG_44@NH2     2128       0.0532       2.8994     146.1085
ARG_33@O             LEU_36@H       LEU_36@N     2082       0.0520       3.0823     156.2417
ALA_26@O             ALA_29@H       ALA_29@N     2068       0.0517       3.0793     128.4675
GLU_101@O           LEU_104@H      LEU_104@N     2065       0.0516       3.0821     139.4432
PHE_31@O             ASN_34@H       ASN_34@N     2024       0.0506       3.0955     132.7753
ASP_69@OD2           ASP_70@H       ASP_70@N     1943       0.0486       2.8398     129.5265
ASP_87@OD2           ASP_87@H       ASP_87@N     1916       0.0479       2.8813     127.0089
HIE_149@ND1        SER_148@HG     SER_148@OG     1909       0.0477       2.8580     163.7895
ASP_122@O         HIP_124@HD1    HIP_124@ND1     1905       0.0476       2.8348     141.4503
GLN_146@O           SER_148@H      SER_148@N     1880       0.0470       3.0541     131.3454
ASN_18@OD1           ASN_18@H       ASN_18@N     1858       0.0464       2.8909     126.0897
ASN_34@OD1        ARG_33@HH11     ARG_33@NH1     1829       0.0457       2.8579     159.9793
HIE_141@O          SER_150@HG     SER_150@OG     1805       0.0451       2.7404     160.2223
GLU_80@O             ALA_83@H       ALA_83@N     1805       0.0451       3.0631     127.9593
ASP_144@O           ASN_147@H      ASN_147@N     1784       0.0446       3.0482     135.3667
ASP_11@OD1        HIP_124@HE2    HIP_124@NE2     1760       0.0440       2.8362     156.7901
HIP_45@O             GLU_48@H       GLU_48@N     1759       0.0440       3.0500     129.7712
ASP_87@OD1           ASP_87@H       ASP_87@N     1699       0.0425       2.8793     126.8530
PRO_130@O        ARG_159@HH22    ARG_159@NH2     1652       0.0413       2.9131     143.0329
ASP_27@O             TRP_30@H       TRP_30@N     1583       0.0396       3.0734     127.2420
PRO_66@O          ARG_44@HH22     ARG_44@NH2     1543       0.0386       3.0008     141.3887
GLU_129@OE2         GLU_129@H      GLU_129@N     1532       0.0383       2.8494     150.4994
GLU_48@OE2        ARG_44@HH21     ARG_44@NH2     1532       0.0383       2.9048     147.1520
GLY_51@O          ARG_71@HH22     ARG_71@NH2     1525       0.0381       2.9158     145.9809
ASP_79@O             ILE_82@H       ILE_82@N     1509       0.0377       3.0748     131.0392
GLN_65@OE1          SER_64@HG      SER_64@OG     1452       0.0363       2.7231     163.1983
ASP_142@OD2         ASP_142@H      ASP_142@N     1433       0.0358       2.8623     127.7646
ASP_79@OD1           GLU_80@H       GLU_80@N     1427       0.0357       2.9702     131.4606
ASP_144@OD2      GLN_146@HE22    GLN_146@NE2     1396       0.0349       2.8672     154.8174
ILE_2@O             LYS_109@H      LYS_109@N     1382       0.0345       3.1200     155.6714
GLU_157@OE1      GLN_108@HE22    GLN_108@NE2     1374       0.0343       2.8813     162.8811
GLU_101@OE1       ARG_98@HH21     ARG_98@NH2     1363       0.0341       2.8670     152.5845
GLU_134@OE1        ARG_159@HE     ARG_159@NE     1356       0.0339       2.9195     149.9111
GLU_101@OE2       ARG_98@HH21     ARG_98@NH2     1311       0.0328       2.8559     154.5186
SER_64@O           LYS_76@HZ2      LYS_76@NZ     1290       0.0323       2.8652     146.1438
SER_64@O           LYS_76@HZ1      LYS_76@NZ     1279       0.0320       2.8652     145.9813
GLU_129@OE2      ARG_158@HH12    ARG_158@NH1     1264       0.0316       2.8074     160.3339
GLU_101@OE1         ARG_98@HE      ARG_98@NE     1256       0.0314       2.8885     154.1453
LYS_38@O             LYS_58@H       LYS_58@N     1256       0.0314       3.0799     152.9428
SER_64@O           LYS_76@HZ3      LYS_76@NZ     1251       0.0313       2.8715     146.4823
ASP_79@OD2           GLU_80@H       GLU_80@N     1242       0.0311       2.9674     131.4250
GLU_134@OE2        ARG_159@HE     ARG_159@NE     1238       0.0309       2.9184     148.7549
ASP_127@OD2       HIP_124@HE2    HIP_124@NE2     1210       0.0302       2.8277     154.2396
MET_20@O             TRP_22@H       TRP_22@N     1174       0.0294       2.9293     136.2266
GLU_48@O             GLY_51@H       GLY_51@N     1169       0.0292       3.0690     131.2680
ASP_142@OD1         ASP_142@H      ASP_142@N     1164       0.0291       2.8667     127.9134
ASP_132@O          ARG_159@HE     ARG_159@NE     1147       0.0287       2.9115     157.0978
GLU_101@OE1       ARG_98@HH12     ARG_98@NH1     1142       0.0285       2.8555     152.9247
SER_64@OG            GLN_65@H       GLN_65@N     1141       0.0285       2.9640     125.0844
PRO_53@O            ARG_52@HE      ARG_52@NE     1121       0.0280       2.9230     149.7798
ASP_132@OD2         ARG_159@H      ARG_159@N     1101       0.0275       2.9834     153.0604
ASP_127@OD1       HIP_124@HE2    HIP_124@NE2     1097       0.0274       2.8226     154.6697
ASP_127@OD2       ARG_12@HH12     ARG_12@NH1     1097       0.0274       2.8448     153.0462
THR_68@OG1        ARG_44@HH22     ARG_44@NH2     1076       0.0269       2.9117     141.2337
ASP_144@O           GLN_146@H      GLN_146@N     1067       0.0267       2.9223     126.2355
VAL_72@O             TRP_74@H       TRP_74@N     1063       0.0266       3.0788     130.6838
GLU_157@OE2      GLN_108@HE22    GLN_108@NE2     1052       0.0263       2.9047     161.9368
ASP_127@OD1       ARG_12@HH12     ARG_12@NH1     1049       0.0262       2.8481     153.2873
ASP_132@OD2      ARG_158@HH12    ARG_158@NH1     1036       0.0259       2.9405     143.6940
ASP_132@OD1      ARG_158@HH12    ARG_158@NH1     1029       0.0257       2.9363     144.7707
GLU_101@OE2       ARG_98@HH12     ARG_98@NH1     1016       0.0254       2.8582     153.0033
ASP_131@O          ARG_159@HE     ARG_159@NE     1012       0.0253       2.9572     142.0225
ASN_59@ND2           ASN_59@H       ASN_59@N      997       0.0249       3.0849     125.1706
GLN_65@OE1        ARG_44@HH22     ARG_44@NH2      959       0.0240       2.9931     141.3253
ASP_122@OD1         ASP_122@H      ASP_122@N      947       0.0237       2.8947     124.7619
MET_16@SD            ASN_18@H       ASN_18@N      945       0.0236       3.1346     152.0998
GLU_101@OE2         ARG_98@HE      ARG_98@NE      940       0.0235       2.8839     154.4307
GLY_67@O             ASP_69@H       ASP_69@N      931       0.0233       2.9673     140.1224
GLU_101@OE2       ARG_98@HH22     ARG_98@NH2      907       0.0227       2.8613     153.3445
ALA_29@O             LYS_32@H       LYS_32@N      897       0.0224       3.0360     125.3246
GLU_80@OE2          SER_77@HG      SER_77@OG      895       0.0224       2.6603     165.1124
ASP_122@OD2         ASP_122@H      ASP_122@N      880       0.0220       2.8840     125.1610
ASP_127@OD2         TYR_128@H      TYR_128@N      860       0.0215       2.9479     132.7035
THR_35@OG1          ARG_57@HE      ARG_57@NE      858       0.0215       3.0009     147.3837
GLU_80@OE1         LYS_76@HZ3      LYS_76@NZ      830       0.0208       2.8779     149.8270
GLU_101@OE1       ARG_98@HH22     ARG_98@NH2      823       0.0206       2.8542     152.5293
GLU_129@OE1      ARG_158@HH12    ARG_158@NH1      817       0.0204       2.8220     160.3344
MET_16@SD           GLY_121@H      GLY_121@N      813       0.0203       3.1227     134.4132
LYS_32@O          ARG_57@HH21     ARG_57@NH2      787       0.0197       2.9125     136.5618
ASP_69@O             VAL_72@H       VAL_72@N      787       0.0197       3.1011     161.5396
ASP_131@OD2         ASP_131@H      ASP_131@N      768       0.0192       2.8885     127.3310
VAL_13@O             GLY_15@H       GLY_15@N      768       0.0192       3.0400     127.4626
PRO_21@O          ASN_23@HD21     ASN_23@ND2      752       0.0188       2.9830     137.4467
ASP_131@OD1         ASP_131@H      ASP_131@N      748       0.0187       2.8909     127.9844
GLU_80@OE2         LYS_76@HZ3      LYS_76@NZ      745       0.0186       2.8938     149.8285
ASP_127@OD1       ARG_12@HH11     ARG_12@NH1      743       0.0186       2.8218     151.0362
ASP_127@OD2         ASP_127@H      ASP_127@N      741       0.0185       2.8839     128.6797
HIE_149@ND1         SER_150@H      SER_150@N      724       0.0181       3.0447     148.6910
SER_64@OG         GLN_65@HE22     GLN_65@NE2      722       0.0181       2.9782     154.4931
ASP_127@OD1         TYR_128@H      TYR_128@N      721       0.0180       2.9399     133.3233
GLU_80@OE1         LYS_76@HZ2      LYS_76@NZ      693       0.0173       2.8767     148.7439
ILE_91@O             SER_3@HG       SER_3@OG      692       0.0173       2.8114     159.3996
GLU_80@OE2         LYS_76@HZ2      LYS_76@NZ      689       0.0172       2.8864     149.9617
ASN_59@O           THR_73@HG1     THR_73@OG1      684       0.0171       2.9240     150.5521
ILE_155@O          SER_135@HG     SER_135@OG      684       0.0171       2.9398     143.1451
ASP_132@O        ARG_159@HH11    ARG_159@NH1      675       0.0169       2.9560     148.3130
ILE_61@O            SER_63@HG      SER_63@OG      668       0.0167       2.9009     159.9128
GLU_134@O           VAL_136@H      VAL_136@N      663       0.0166       3.0074     130.2870
HIP_45@O          ASN_18@HD22     ASN_18@ND2      662       0.0165       2.9521     153.4905
ARG_158@NH2       TRP_133@HE1    TRP_133@NE1      660       0.0165       3.1130     128.7269
GLU_80@OE1          SER_77@HG      SER_77@OG      657       0.0164       2.6548     165.4469
GLY_51@O          ARG_71@HH12     ARG_71@NH1      646       0.0162       2.9451     142.0621
TRP_133@O        ARG_159@HH12    ARG_159@NH1      644       0.0161       2.9655     132.3219
ASN_34@OD1        ARG_33@HH21     ARG_33@NH2      623       0.0156       2.8722     147.9611
ARG_158@O        GLN_108@HE21    GLN_108@NE2      585       0.0146       2.9898     147.9556
GLU_80@OE1         LYS_76@HZ1      LYS_76@NZ      580       0.0145       2.8705     149.8664
ARG_44@O             TRP_47@H       TRP_47@N      579       0.0145       3.0778     125.5487
ASP_131@O        ARG_159@HH21    ARG_159@NH2      576       0.0144       2.8816     147.9658
GLU_80@OE2         LYS_76@HZ1      LYS_76@NZ      574       0.0143       2.8869     150.1286
ASN_34@OD1          ARG_33@HE      ARG_33@NE      574       0.0143       2.9504     146.3801
ASP_142@OD2        SER_150@HG     SER_150@OG      572       0.0143       2.6929     160.9796
LEU_28@O             PHE_31@H       PHE_31@N      541       0.0135       3.0884     126.2768
TYR_128@OH        ARG_12@HH12     ARG_12@NH1      530       0.0132       2.9638     151.3987
GLN_65@OE1           GLN_65@H       GLN_65@N      523       0.0131       2.9075     137.9530
LYS_106@O        GLN_108@HE22    GLN_108@NE2      515       0.0129       2.9250     157.4886
MET_20@O          ASN_23@HD22     ASN_23@ND2      510       0.0127       2.9088     143.8509
SER_63@O            SER_63@HG      SER_63@OG      501       0.0125       3.0488     124.7979
THR_68@OG1         TRP_47@HE1     TRP_47@NE1      500       0.0125       3.0405     154.9719
ASN_23@O           SER_148@HG     SER_148@OG      489       0.0122       2.7576     162.7478
THR_68@OG1        ARG_44@HH21     ARG_44@NH2      483       0.0121       2.9602     137.5805
ASP_127@OD2       ARG_12@HH22     ARG_12@NH2      479       0.0120       2.8592     151.6059
ASN_23@O            SER_148@H      SER_148@N      478       0.0120       3.0018     160.4466
GLN_102@O         LYS_106@HZ3     LYS_106@NZ      466       0.0117       2.8763     157.0197
ALA_145@O        GLN_146@HE22    GLN_146@NE2      464       0.0116       2.9272     154.8234
ASP_142@OD1        SER_150@HG     SER_150@OG      462       0.0115       2.7041     160.7810
GLU_80@OE2           SER_77@H       SER_77@N      453       0.0113       2.9970     157.2861
ASP_127@OD2       ARG_12@HH11     ARG_12@NH1      450       0.0112       2.8313     148.7045
ASP_122@O           HIP_124@H      HIP_124@N      448       0.0112       2.9765     127.3003
ASP_127@OD1         ASP_127@H      ASP_127@N      433       0.0108       2.8995     128.4308
SER_63@O             GLN_65@H       GLN_65@N      418       0.0104       3.0341     129.2750
PRO_130@O           TRP_133@H      TRP_133@N      417       0.0104       3.0896     142.8760
GLN_102@O         LYS_106@HZ2     LYS_106@NZ      414       0.0103       2.8732     156.7783
ASP_69@OD1           ASP_70@H       ASP_70@N      411       0.0103       2.8445     128.9525
TYR_128@OH        ARG_12@HH11     ARG_12@NH1      405       0.0101       3.0253     151.5293
PRO_53@O          ARG_52@HH11     ARG_52@NH1      397       0.0099       2.9396     156.1712
ARG_57@O             ASN_59@H       ASN_59@N      394       0.0098       3.0617     125.5795
GLU_90@OE2           MET_1@H2        MET_1@N      391       0.0098       2.8511     158.6684
LYS_32@O           THR_35@HG1     THR_35@OG1      385       0.0096       3.0195     132.2458
TRP_74@NE1           ASP_69@H       ASP_69@N      384       0.0096       3.1291     138.8241
GLN_102@O         LYS_106@HZ1     LYS_106@NZ      380       0.0095       2.8740     155.9482
THR_68@O           THR_68@HG1     THR_68@OG1      369       0.0092       2.9902     125.9403
GLU_17@OE2        ASN_18@HD21     ASN_18@ND2      366       0.0092       2.8710     157.3185
ASP_69@O             ARG_71@H       ARG_71@N      365       0.0091       3.0012     127.6333
LEU_36@O           LYS_38@HZ1      LYS_38@NZ      361       0.0090       2.8660     148.4448
TRP_30@O             ARG_33@H       ARG_33@N      360       0.0090       3.0964     126.8912
GLU_90@OE2           MET_1@H1        MET_1@N      351       0.0088       2.8663     159.7564
ASP_127@OD1       ARG_12@HH21     ARG_12@NH2      351       0.0088       2.8717     154.0496
ARG_57@O          ASN_59@HD22     ASN_59@ND2      351       0.0088       2.9646     126.5190
LEU_36@O           LYS_38@HZ3      LYS_38@NZ      350       0.0088       2.8706     149.6084
LEU_36@O           LYS_38@HZ2      LYS_38@NZ      349       0.0087       2.8714     148.0689
ASP_132@OD2      ARG_158@HH11    ARG_158@NH1      341       0.0085       2.8139     151.8379
THR_68@OG1           ASP_69@H       ASP_69@N      340       0.0085       2.9070     128.9864
ASP_127@OD1       ARG_12@HH22     ARG_12@NH2      323       0.0081       2.8634     151.8753
PRO_105@O        ARG_158@HH22    ARG_158@NH2      321       0.0080       2.9207     138.8735
GLN_65@OE1         LYS_76@HZ1      LYS_76@NZ      318       0.0080       2.8943     147.2696
GLU_17@OE1        ASN_18@HD21     ASN_18@ND2      314       0.0078       2.8988     157.5914
MET_16@SD            ALA_19@H       ALA_19@N      313       0.0078       3.1420     158.7142
GLU_90@OE2           MET_1@H3        MET_1@N      312       0.0078       2.8385     160.8280
TYR_128@O         ARG_12@HH12     ARG_12@NH1      312       0.0078       2.9593     152.9689
ASP_122@OD2       HIP_124@HE2    HIP_124@NE2      311       0.0078       2.8045     151.2436
GLN_65@OE1         LYS_76@HZ2      LYS_76@NZ      311       0.0078       2.8759     146.7318
SER_64@O          GLN_65@HE22     GLN_65@NE2      311       0.0078       2.9267     150.6643
GLN_65@OE1         LYS_76@HZ3      LYS_76@NZ      310       0.0077       2.9158     145.8232
GLN_65@O          ARG_44@HH12     ARG_44@NH1      303       0.0076       2.9496     129.8844
ASP_127@OD2       ARG_12@HH21     ARG_12@NH2      301       0.0075       2.8682     151.1415
SER_49@OG         ASN_18@HD22     ASN_18@ND2      299       0.0075       2.9753     148.2298
ASP_127@O         ARG_12@HH12     ARG_12@NH1      293       0.0073       2.9012     146.2104
GLU_80@OE1           SER_77@H       SER_77@N      288       0.0072       2.9993     153.3179
THR_123@N         THR_123@HG1    THR_123@OG1      286       0.0072       2.8146     122.4353
SER_49@OG         ASN_18@HD21     ASN_18@ND2      281       0.0070       2.9613     157.4894
LEU_104@O        ARG_158@HH22    ARG_158@NH2      279       0.0070       2.8541     129.8593
SER_77@OG            VAL_78@H       VAL_78@N      275       0.0069       2.8956     126.8176
PRO_89@O             ILE_91@H       ILE_91@N      273       0.0068       2.9851     144.8244
TYR_111@OH         LYS_38@HZ3      LYS_38@NZ      267       0.0067       3.0460     125.3331
GLU_17@OE2           ASN_18@H       ASN_18@N      257       0.0064       2.9943     138.8678
TYR_128@OH          ARG_12@HE      ARG_12@NE      255       0.0064       3.0065     146.0172
GLU_17@OE2        THR_123@HG1    THR_123@OG1      252       0.0063       2.7513     158.8319
ASP_144@OD1        TYR_151@HH     TYR_151@OH      245       0.0061       2.8614     157.2966
VAL_75@O            SER_63@HG      SER_63@OG      244       0.0061       2.9095     152.8110
PHE_125@O         HIP_124@HD1    HIP_124@ND1      243       0.0061       2.8449     154.3277
THR_35@O          ARG_57@HH11     ARG_57@NH1      239       0.0060       2.9008     150.0979
ARG_52@O          ARG_52@HH11     ARG_52@NH1      238       0.0060       2.9600     163.1786
GLN_65@OE1        ARG_44@HH11     ARG_44@NH1      236       0.0059       2.8743     139.5203
GLU_17@OE1           ASN_18@H       ASN_18@N      229       0.0057       2.9889     140.0948
LEU_54@O             ARG_57@H       ARG_57@N      226       0.0056       3.1165     150.1343
ASP_144@OD2        TYR_151@HH     TYR_151@OH      225       0.0056       2.8701     156.1820
THR_73@N           THR_73@HG1     THR_73@OG1      222       0.0056       2.8139     122.6045
GLU_134@OE1      ARG_159@HH11    ARG_159@NH1      222       0.0056       2.8342     152.4391
TRP_133@O        ARG_159@HH22    ARG_159@NH2      222       0.0056       2.9647     131.3968
PRO_126@O         ARG_12@HH22     ARG_12@NH2      212       0.0053       2.8916     149.4536
TYR_111@OH         LYS_38@HZ1      LYS_38@NZ      211       0.0053       3.0291     125.2257
ARG_33@O          ARG_33@HH11     ARG_33@NH1      207       0.0052       2.9158     159.6385
HIE_149@NE2        SER_148@HG     SER_148@OG      207       0.0052       3.0977     140.0339
ASP_122@OD1       HIP_124@HE2    HIP_124@NE2      206       0.0052       2.7986     152.5088
PRO_53@O          ARG_52@HH21     ARG_52@NH2      204       0.0051       2.9423     143.6767
GLN_146@NE2         GLN_146@H      GLN_146@N      200       0.0050       3.0765     128.5046
TYR_111@OH         LYS_38@HZ2      LYS_38@NZ      194       0.0049       3.0491     125.7060
GLN_102@OE1       ARG_98@HH22     ARG_98@NH2      190       0.0047       2.8948     149.8110
GLU_17@OE1        THR_123@HG1    THR_123@OG1      188       0.0047       2.7614     157.5273
PRO_66@O             THR_68@H       THR_68@N      187       0.0047       3.0052     135.6249
ILE_94@O           TYR_100@HH     TYR_100@OH      184       0.0046       2.9115     136.3064
THR_73@OG1         LYS_58@HZ2      LYS_58@NZ      176       0.0044       2.9253     139.2917
MET_92@SD            VAL_93@H       VAL_93@N      175       0.0044       3.1350     130.0247
GLU_134@OE2      ARG_159@HH11    ARG_159@NH1      173       0.0043       2.8489     152.2625
THR_73@OG1         LYS_58@HZ1      LYS_58@NZ      170       0.0043       2.9227     141.7232
THR_73@OG1         LYS_58@HZ3      LYS_58@NZ      170       0.0043       2.9409     139.7055
GLU_90@OE1           MET_1@H2        MET_1@N      164       0.0041       2.8908     156.0730
ASP_79@OD1        LYS_106@HZ3     LYS_106@NZ      163       0.0041       2.8208     149.8664
GLN_102@OE1       ARG_98@HH12     ARG_98@NH1      162       0.0040       2.9280     147.2295
ASN_18@ND2           ASN_18@H       ASN_18@N      162       0.0040       3.0743     128.2826
ASP_132@O        ARG_159@HH21    ARG_159@NH2      160       0.0040       3.0444     138.3683
ASP_79@OD2        LYS_106@HZ3     LYS_106@NZ      158       0.0040       2.8020     148.4087
ALA_29@O            ARG_33@HE      ARG_33@NE      158       0.0040       3.0169     141.1838
ARG_71@N             VAL_72@H       VAL_72@N      156       0.0039       2.7543     121.4605
TYR_128@OH        ARG_12@HH21     ARG_12@NH2      151       0.0038       3.0539     130.9947
ASN_147@ND2        TYR_151@HH     TYR_151@OH      147       0.0037       3.0596     142.3143
PRO_126@O         ARG_12@HH11     ARG_12@NH1      145       0.0036       2.9547     140.0599
ASN_23@O          ASN_23@HD21     ASN_23@ND2      144       0.0036       2.9186     133.5347
GLU_48@OE1         TRP_47@HE1     TRP_47@NE1      143       0.0036       2.9894     130.6671
GLU_157@OE1       LYS_109@HZ1     LYS_109@NZ      141       0.0035       2.8487     149.8446
ASP_79@OD2        LYS_106@HZ2     LYS_106@NZ      139       0.0035       2.8009     146.8554
GLU_129@O           ASP_131@H      ASP_131@N      138       0.0034       2.9055     126.2104
ASP_69@N           TRP_74@HE1     TRP_74@NE1      136       0.0034       3.1155     127.4235
LEU_4@O              SER_3@HG       SER_3@OG      131       0.0033       3.0198     149.2410
ASP_79@OD1        LYS_106@HZ1     LYS_106@NZ      130       0.0032       2.8031     150.6164
GLU_157@OE1       LYS_109@HZ3     LYS_109@NZ      130       0.0032       2.8362     148.1867
ASP_127@OD1         ARG_12@HE      ARG_12@NE      126       0.0032       2.9274     149.0264
TRP_74@NE1           GLY_67@H       GLY_67@N      126       0.0032       3.1183     140.3894
LEU_104@O           LYS_106@H      LYS_106@N      125       0.0031       2.9988     126.1279
ASP_79@OD1        LYS_106@HZ2     LYS_106@NZ      122       0.0031       2.8111     148.2576
GLU_129@OE2      ARG_158@HH22    ARG_158@NH2      120       0.0030       2.9899     142.4662
CYS_152@SG         SER_138@HG     SER_138@OG      120       0.0030       3.1142     125.9964
GLN_102@O        GLN_102@HE22    GLN_102@NE2      119       0.0030       2.9589     146.4733
GLU_90@OE1           MET_1@H3        MET_1@N      117       0.0029       2.8681     150.2498
THR_68@O             ASP_70@H       ASP_70@N      117       0.0029       2.9871     130.7749
MET_20@SD            TRP_22@H       TRP_22@N      117       0.0029       3.1460     150.5442
ILE_94@N             GLY_95@H       GLY_95@N      116       0.0029       2.7759     121.2689
ILE_50@O            ARG_52@HE      ARG_52@NE      116       0.0029       2.9617     144.1417
GLU_17@O          ASN_18@HD21     ASN_18@ND2      116       0.0029       2.9768     151.2321
GLU_48@OE2         TRP_47@HE1     TRP_47@NE1      116       0.0029       2.9935     131.2172
THR_113@O           ILE_115@H      ILE_115@N      116       0.0029       3.1031     126.1248
ASP_122@OD1         THR_123@H      THR_123@N      115       0.0029       2.8773     127.1038
ASP_79@OD2        LYS_106@HZ1     LYS_106@NZ      113       0.0028       2.8368     148.1608
GLU_90@OE1           MET_1@H1        MET_1@N      113       0.0028       2.8783     148.5838
MET_1@SD             MET_1@H3        MET_1@N      113       0.0028       3.1129     131.0466
SER_148@O          SER_148@HG     SER_148@OG      109       0.0027       2.8985     131.6810
MET_16@SD            GLU_17@H       GLU_17@N      109       0.0027       3.1302     147.3471
ASP_122@OD2         THR_123@H      THR_123@N      104       0.0026       2.8910     126.7700
PRO_126@O         ARG_12@HH12     ARG_12@NH1       99       0.0025       2.9103     154.0243
GLY_56@N             ARG_57@H       ARG_57@N       98       0.0024       2.8020     121.4273
GLU_157@OE1       LYS_109@HZ2     LYS_109@NZ       98       0.0024       2.8387     149.4924
MET_1@SD             MET_1@H2        MET_1@N       98       0.0024       3.1076     133.3026
SER_148@OG          HIE_149@H      HIE_149@N       95       0.0024       2.9746     124.7043
GLU_139@O         HIE_141@HE2    HIE_141@NE2       94       0.0024       2.9732     125.7284
LYS_109@O            SER_3@HG       SER_3@OG       93       0.0023       2.7616     159.6093
GLU_157@OE2       LYS_109@HZ2     LYS_109@NZ       90       0.0022       2.8506     147.4038
PRO_105@O        ARG_158@HH21    ARG_158@NH2       90       0.0022       3.0167     129.0566
MET_16@SD           GLU_120@H      GLU_120@N       90       0.0022       3.1477     148.7585
GLU_154@OE1        SER_138@HG     SER_138@OG       87       0.0022       2.6920     162.6287
ASP_131@O        ARG_159@HH12    ARG_159@NH1       87       0.0022       2.9000     148.8441
SER_138@OG          GLU_139@H      GLU_139@N       87       0.0022       2.9931     123.3906
GLU_157@OE2       LYS_109@HZ1     LYS_109@NZ       86       0.0022       2.8440     148.9860
GLU_120@OE1         GLY_121@H      GLY_121@N       85       0.0021       2.9549     147.7423
MET_1@SD             MET_1@H1        MET_1@N       85       0.0021       3.1062     131.2751
GLU_157@OE2       LYS_109@HZ3     LYS_109@NZ       83       0.0021       2.8718     148.1302
PRO_130@O           ASP_132@H      ASP_132@N       83       0.0021       3.0295     126.1968
PHE_137@O          SER_135@HG     SER_135@OG       77       0.0019       2.9881     126.8703
SER_64@OG         GLN_65@HE21     GLN_65@NE2       77       0.0019       3.0044     132.0476
ALA_117@O           VAL_119@H      VAL_119@N       77       0.0019       3.0257     140.9087
GLU_154@OE2        SER_138@HG     SER_138@OG       76       0.0019       2.7205     159.6742
GLU_157@OE2      GLN_108@HE21    GLN_108@NE2       75       0.0019       2.9094     160.4634
GLU_129@OE1       TRP_133@HE1    TRP_133@NE1       74       0.0019       3.0174     134.7615
ILE_14@N             GLY_15@H       GLY_15@N       72       0.0018       2.7611     121.2210
GLN_65@OE1          SER_63@HG      SER_63@OG       72       0.0018       2.7712     144.3431
GLU_120@N           GLY_121@H      GLY_121@N       71       0.0018       2.7722     121.3821
GLN_65@O          ARG_44@HH11     ARG_44@NH1       71       0.0018       2.9741     130.7751
SER_135@OG          PHE_137@H      PHE_137@N       71       0.0018       3.1105     138.0153
ASN_18@O          ASN_18@HD21     ASN_18@ND2       70       0.0018       2.9267     145.0608
ASN_23@OD1           LEU_24@H       LEU_24@N       70       0.0018       2.9722     130.9744
HIP_124@O         HIP_124@HD1    HIP_124@ND1       69       0.0017       2.9066     135.4447
GLY_121@O           THR_123@H      THR_123@N       69       0.0017       3.0351     135.1570
SER_63@OG            SER_64@H       SER_64@N       68       0.0017       2.8671     123.8110
TRP_47@O             SER_49@H       SER_49@N       68       0.0017       2.9660     130.1006
PHE_125@O           ARG_12@HE      ARG_12@NE       65       0.0016       2.9129     144.8222
THR_46@OG1           GLY_96@H       GLY_96@N       63       0.0016       3.0383     127.0416
ASP_11@OD1        ARG_12@HH11     ARG_12@NH1       62       0.0015       2.8743     145.2840
SER_3@OG              LEU_4@H        LEU_4@N       62       0.0015       3.0144     123.7558
SER_150@O          SER_150@HG     SER_150@OG       62       0.0015       3.0729     126.5820
GLN_65@N            SER_63@HG      SER_63@OG       62       0.0015       3.1302     124.0546
ASP_70@N             ARG_71@H       ARG_71@N       61       0.0015       2.7735     121.2832
TRP_133@O        ARG_159@HH11    ARG_159@NH1       61       0.0015       2.9647     140.2263
SER_64@OG         ARG_44@HH12     ARG_44@NH1       61       0.0015       2.9877     138.1656
VAL_75@O             SER_77@H       SER_77@N       61       0.0015       3.1032     126.9521
GLU_157@OE1      GLN_108@HE21    GLN_108@NE2       60       0.0015       2.9000     158.2551
GLU_120@OE2         GLY_121@H      GLY_121@N       60       0.0015       2.9598     141.3832
GLU_129@OE1      ARG_158@HH22    ARG_158@NH2       60       0.0015       2.9954     143.2180
ASN_147@ND2         ASN_147@H      ASN_147@N       60       0.0015       3.1073     123.7517
HIP_124@ND1         HIP_124@H      HIP_124@N       60       0.0015       3.1102     125.4191
TYR_128@OH        HIE_114@HE2    HIE_114@NE2       59       0.0015       3.0727     143.0339
LEU_4@N              SER_3@HG       SER_3@OG       59       0.0015       3.0733     126.7933
ILE_50@N            SER_49@HG      SER_49@OG       57       0.0014       3.1297     126.3891
SER_138@O          SER_138@HG     SER_138@OG       56       0.0014       2.9708     134.5250
ASP_127@OD2         ARG_12@HE      ARG_12@NE       55       0.0014       2.9091     151.6406
ASN_18@ND2          SER_49@HG      SER_49@OG       54       0.0014       3.0811     139.7872
SER_148@N           HIE_149@H      HIE_149@N       52       0.0013       2.8020     121.4864
PHE_125@O         ARG_12@HH12     ARG_12@NH1       52       0.0013       2.9294     132.9473
ASP_11@N             ARG_12@H       ARG_12@N       51       0.0013       2.7823     121.5536
PRO_66@O          GLN_65@HE22     GLN_65@NE2       51       0.0013       2.9511     157.2301
HIP_45@O          ASN_18@HD21     ASN_18@ND2       49       0.0012       2.9284     151.5411
ILE_115@O            VAL_10@H       VAL_10@N       49       0.0012       3.0735     129.3606
SER_138@N          SER_138@HG     SER_138@OG       47       0.0012       2.8877     122.3449
GLN_65@NE2        ARG_44@HH12     ARG_44@NH1       47       0.0012       3.0417     144.0601
ARG_57@N            ARG_57@HE      ARG_57@NE       47       0.0012       3.1312     124.9445
GLY_51@N             ARG_52@H       ARG_52@N       46       0.0011       2.8153     121.5389
ASN_18@N          ASN_18@HD21     ASN_18@ND2       46       0.0011       3.0582     125.6355
CYS_85@O             VAL_88@H       VAL_88@N       46       0.0011       3.0652     153.1125
ASN_147@OD1        TYR_151@HH     TYR_151@OH       45       0.0011       2.8008     160.5762
SER_63@OG         GLN_65@HE22     GLN_65@NE2       45       0.0011       2.8899     157.7162
ASN_34@O             LEU_36@H       LEU_36@N       45       0.0011       3.0746     126.1201
ARG_33@O            ARG_33@HE      ARG_33@NE       44       0.0011       2.9224     144.1216
GLN_146@OE1         GLN_146@H      GLN_146@N       44       0.0011       2.9574     130.0065
GLU_129@OE2       TRP_133@HE1    TRP_133@NE1       44       0.0011       2.9857     133.3581
GLN_146@N        GLN_146@HE22    GLN_146@NE2       44       0.0011       3.0687     124.0165
ILE_61@O             SER_63@H       SER_63@N       44       0.0011       3.0778     124.2278
ALA_83@O             CYS_85@H       CYS_85@N       43       0.0011       3.0244     123.1706
PRO_21@O          ASN_23@HD22     ASN_23@ND2       42       0.0010       2.9261     129.4403
ARG_158@NH1       TRP_133@HE1    TRP_133@NE1       42       0.0010       3.1126     125.6613
GLY_67@O           THR_68@HG1     THR_68@OG1       41       0.0010       2.8869     150.7951
GLN_146@O         ASN_23@HD21     ASN_23@ND2       41       0.0010       2.9285     142.7762
GLY_67@O           TRP_74@HE1     TRP_74@NE1       41       0.0010       2.9640     127.9028
SER_64@OG         ARG_44@HH11     ARG_44@NH1       41       0.0010       3.0435     132.4173
ILE_50@O          ARG_52@HH21     ARG_52@NH2       40       0.0010       2.9549     137.8543
SER_49@O            SER_49@HG      SER_49@OG       40       0.0010       2.9809     131.6762
ARG_12@O          HIP_124@HD1    HIP_124@ND1       40       0.0010       3.0201     136.5599
THR_68@OG1        ARG_44@HH12     ARG_44@NH1       39       0.0010       2.9231     152.3562
LYS_106@N           ALA_107@H      ALA_107@N       38       0.0009       2.7498     121.3950
SER_64@N             GLN_65@H       GLN_65@N       38       0.0009       2.7522     121.6423
ASP_131@N           ASP_132@H      ASP_132@N       38       0.0009       2.7714     121.4507
PHE_125@O         ARG_12@HH22     ARG_12@NH2       38       0.0009       2.9960     130.2649
ASP_11@O          HIP_124@HE2    HIP_124@NE2       37       0.0009       2.8381     129.0338
THR_35@OG1        ARG_57@HH12     ARG_57@NH1       37       0.0009       2.9668     130.2692
GLN_102@NE2       ARG_98@HH12     ARG_98@NH1       37       0.0009       3.0585     142.8042
THR_73@O           THR_73@HG1     THR_73@OG1       36       0.0009       2.9458     131.0214
SER_64@OG          LYS_76@HZ2      LYS_76@NZ       36       0.0009       2.9780     147.1524
MET_92@SD            SER_3@HG       SER_3@OG       36       0.0009       3.1102     147.0078
VAL_136@N           PHE_137@H      PHE_137@N       35       0.0009       2.7597     121.6461
HIP_124@O         ARG_98@HH22     ARG_98@NH2       35       0.0009       2.9334     144.0810
MET_16@SD            MET_16@H       MET_16@N       35       0.0009       3.1204     128.3970
GLU_118@OE2         VAL_119@H      VAL_119@N       34       0.0008       3.0049     143.1997
TRP_30@NE1        ASN_34@HD22     ASN_34@ND2       34       0.0008       3.0946     131.0022
LYS_58@O             ILE_60@H       ILE_60@N       34       0.0008       3.1003     124.3138
ASP_144@O          SER_148@HG     SER_148@OG       33       0.0008       2.8018     161.6658
GLU_101@OE1      GLN_102@HE22    GLN_102@NE2       33       0.0008       2.8569     156.9051
GLN_102@OE1       ARG_98@HH21     ARG_98@NH2       33       0.0008       2.9144     142.7322
GLN_146@OE1      ASN_147@HD22    ASN_147@ND2       33       0.0008       2.9877     146.3042
VAL_88@O             GLU_90@H       GLU_90@N       33       0.0008       3.0218     127.5641
PRO_105@N           LYS_106@H      LYS_106@N       32       0.0008       2.7925     121.4455
GLY_56@O           LYS_58@HZ2      LYS_58@NZ       32       0.0008       2.8756     151.3645
GLU_48@OE1        ARG_44@HH12     ARG_44@NH1       32       0.0008       2.8836     154.5454
ASP_116@OD1       HIE_149@HE2    HIE_149@NE2       32       0.0008       2.9747     149.8697
PHE_125@O         ARG_12@HH11     ARG_12@NH1       32       0.0008       2.9867     157.7249
LYS_58@O          ASN_59@HD21     ASN_59@ND2       32       0.0008       3.0508     159.5835
GLU_134@OE2        SER_135@HG     SER_135@OG       31       0.0008       2.7945     166.3194
GLN_108@N           LYS_109@H      LYS_109@N       30       0.0008       2.7888     121.0695
CYS_85@O           LYS_58@HZ1      LYS_58@NZ       30       0.0008       2.8841     150.7183
PHE_125@O         ARG_12@HH21     ARG_12@NH2       30       0.0008       2.9076     141.3585
ASP_11@O             VAL_13@H       VAL_13@N       29       0.0007       2.9548     124.7783
ARG_33@O             THR_35@H       THR_35@N       29       0.0007       3.0518     123.4827
GLN_102@NE2         ARG_98@HE      ARG_98@NE       29       0.0007       3.1143     135.6078
GLU_48@OE2         THR_68@HG1     THR_68@OG1       28       0.0007       2.6703     166.1783
GLN_102@OE1         ARG_98@HE      ARG_98@NE       28       0.0007       2.9577     144.6409
ALA_29@O          ARG_33@HH11     ARG_33@NH1       28       0.0007       2.9646     133.3226
HIE_141@ND1        TYR_151@HH     TYR_151@OH       28       0.0007       2.9968     151.0641
SER_49@N            SER_49@HG      SER_49@OG       27       0.0007       2.8191     122.9218
THR_35@N             LEU_36@H       LEU_36@N       26       0.0006       2.7917     120.9102
LYS_76@N             SER_77@H       SER_77@N       26       0.0006       2.7952     121.1117
GLN_102@OE1       LYS_106@HZ3     LYS_106@NZ       26       0.0006       2.8157     140.0386
GLU_101@OE2      GLN_102@HE22    GLN_102@NE2       26       0.0006       2.8825     157.3632
ASP_131@O        ARG_159@HH22    ARG_159@NH2       25       0.0006       2.9397     142.5684
ASP_11@O          ARG_12@HH11     ARG_12@NH1       24       0.0006       2.9602     152.5916
SER_148@OG        ASN_23@HD21     ASN_23@ND2       24       0.0006       2.9716     164.0842
SER_64@O            SER_64@HG      SER_64@OG       24       0.0006       2.9874     129.0579
HIE_114@ND1       ARG_12@HH11     ARG_12@NH1       24       0.0006       3.0310     134.9864
ALA_145@N           GLN_146@H      GLN_146@N       23       0.0006       2.8175     121.1756
GLY_56@O           LYS_58@HZ1      LYS_58@NZ       23       0.0006       2.8770     147.4583
ASP_142@O           ASP_144@H      ASP_144@N       23       0.0006       2.8791     140.3707
TYR_128@O         ARG_12@HH22     ARG_12@NH2       23       0.0006       2.9520     149.3287
GLN_65@NE2           GLN_65@H       GLN_65@N       23       0.0006       3.0544     141.5727
GLN_102@OE1       LYS_106@HZ1     LYS_106@NZ       22       0.0006       2.8259     141.4166
SER_63@O           LYS_76@HZ3      LYS_76@NZ       22       0.0006       2.9054     151.8994
PRO_130@N           ASP_131@H      ASP_131@N       21       0.0005       2.7854     121.6475
ASP_122@O         THR_123@HG1    THR_123@OG1       21       0.0005       2.8886     142.6662
CYS_85@O           LYS_58@HZ2      LYS_58@NZ       21       0.0005       2.8948     153.1474
CYS_85@O           LYS_58@HZ3      LYS_58@NZ       21       0.0005       2.9068     148.9477
LYS_32@O             ASN_34@H       ASN_34@N       21       0.0005       2.9248     127.2824
ILE_2@O              SER_3@HG       SER_3@OG       21       0.0005       3.0415     146.3717
ASP_70@OD2           ARG_71@H       ARG_71@N       21       0.0005       3.0515     123.2080
ASP_116@N           ALA_117@H      ALA_117@N       20       0.0005       2.7711     121.4671
ASP_87@N             VAL_88@H       VAL_88@N       20       0.0005       2.7950     121.6152
GLN_102@OE1       LYS_106@HZ2     LYS_106@NZ       20       0.0005       2.8189     141.6548
ASP_69@OD2         TRP_47@HE1     TRP_47@NE1       20       0.0005       2.8945     151.0887
GLN_108@OE1          MET_1@H1        MET_1@N       20       0.0005       3.0234     129.4543
ASN_18@ND2           ALA_19@H       ALA_19@N       20       0.0005       3.0795     133.4102
MET_1@SD          LYS_109@HZ3     LYS_109@NZ       20       0.0005       3.1255     127.6650
ARG_57@NE            ARG_57@H       ARG_57@N       20       0.0005       3.1519     126.8835
THR_68@N           THR_68@HG1     THR_68@OG1       19       0.0005       2.7876     123.3012
ASP_131@OD1      ARG_159@HH21    ARG_159@NH2       19       0.0005       2.9632     140.9847
ARG_98@O            ARG_98@HE      ARG_98@NE       19       0.0005       2.9821     127.0858
MET_1@O              SER_3@HG       SER_3@OG       19       0.0005       3.0368     146.6078
PRO_55@N          ARG_57@HH21     ARG_57@NH2       19       0.0005       3.1513     129.3553
THR_68@N             ASP_69@H       ASP_69@N       18       0.0004       2.7823     121.0524
SER_3@N              SER_3@HG       SER_3@OG       18       0.0004       2.8197     121.8058
SER_63@O           LYS_76@HZ2      LYS_76@NZ       18       0.0004       2.8951     157.7004
GLU_48@OE2        ARG_44@HH12     ARG_44@NH1       18       0.0004       2.8998     149.5334
SER_135@O          SER_135@HG     SER_135@OG       18       0.0004       2.9128     132.6353
SER_77@OG          LYS_76@HZ2      LYS_76@NZ       18       0.0004       2.9717     147.2989
SER_135@OG          VAL_136@H      VAL_136@N       18       0.0004       2.9874     123.1658
SER_64@OG          LYS_76@HZ3      LYS_76@NZ       18       0.0004       3.0078     143.5519
GLY_15@O            THR_123@H      THR_123@N       18       0.0004       3.0279     154.7167
ASN_34@OD1         TYR_111@HH     TYR_111@OH       18       0.0004       3.0690     132.2259
THR_35@O          ARG_57@HH21     ARG_57@NH2       18       0.0004       3.0826     129.6040
ASP_122@N           THR_123@H      THR_123@N       17       0.0004       2.7561     121.0249
GLN_108@O        GLN_108@HE22    GLN_108@NE2       17       0.0004       2.8714     142.6568
GLN_102@OE1       ARG_98@HH11     ARG_98@NH1       17       0.0004       2.9606     145.0559
GLU_80@OE1           GLU_80@H       GLU_80@N       17       0.0004       2.9982     132.7358
GLU_48@OE2        ASN_18@HD22     ASN_18@ND2       16       0.0004       2.9039     146.4866
GLN_108@OE1          MET_1@H3        MET_1@N       16       0.0004       2.9752     128.3257
ASP_116@OD2       HIE_149@HE2    HIE_149@NE2       16       0.0004       2.9801     146.7902
SER_64@OG          LYS_76@HZ1      LYS_76@NZ       16       0.0004       2.9811     146.1042
GLN_65@NE2          SER_64@HG      SER_64@OG       16       0.0004       3.0365     139.9583
ASN_23@N          ASN_23@HD21     ASN_23@ND2       16       0.0004       3.0450     127.0041
MET_1@SD             SER_3@HG       SER_3@OG       16       0.0004       3.0768     134.5073
TRP_74@NE1           THR_68@H       THR_68@N       16       0.0004       3.1529     146.7799
GLY_56@O           LYS_58@HZ3      LYS_58@NZ       15       0.0004       2.8394     153.0005
SER_77@OG          LYS_76@HZ1      LYS_76@NZ       15       0.0004       2.9544     152.2640
SER_77@OG          LYS_76@HZ3      LYS_76@NZ       15       0.0004       2.9891     155.8397
ARG_158@O        GLN_108@HE22    GLN_108@NE2       15       0.0004       3.0084     139.0612
LYS_76@O         GLN_102@HE21    GLN_102@NE2       15       0.0004       3.0127     147.5780
ARG_98@O          ARG_98@HH11     ARG_98@NH1       15       0.0004       3.0581     159.3268
MET_1@SD          LYS_109@HZ1     LYS_109@NZ       15       0.0004       3.1256     129.3446
ALA_84@N             CYS_85@H       CYS_85@N       14       0.0003       2.7680     121.2851
GLU_134@OE1        SER_135@HG     SER_135@OG       14       0.0003       2.8392     152.6758
ARG_52@O            ARG_52@HE      ARG_52@NE       14       0.0003       2.9891     132.7900
HIE_141@ND1         ASP_142@H      ASP_142@N       14       0.0003       3.0530     145.7580
GLU_139@N          SER_138@HG     SER_138@OG       14       0.0003       3.1298     123.4356
MET_1@SD          LYS_109@HZ2     LYS_109@NZ       14       0.0003       3.1479     128.0931
ARG_12@N             VAL_13@H       VAL_13@N       13       0.0003       2.7825     121.3617
ASP_37@N             LYS_38@H       LYS_38@N       13       0.0003       2.8559     122.0938
ASP_37@O           LYS_58@HZ3      LYS_58@NZ       13       0.0003       2.9015     147.6432
SER_63@O           LYS_76@HZ1      LYS_76@NZ       13       0.0003       2.9129     158.7078
ASP_69@OD1         TRP_47@HE1     TRP_47@NE1       13       0.0003       2.9474     139.9344
ASP_70@OD1           ARG_71@H       ARG_71@N       13       0.0003       2.9573     124.4689
THR_123@OG1         ARG_98@HE      ARG_98@NE       13       0.0003       3.0021     148.6493
GLY_97@O          ARG_98@HH21     ARG_98@NH2       13       0.0003       3.0026     134.8574
ARG_57@NH2         LYS_32@HZ1      LYS_32@NZ       13       0.0003       3.1029     126.9204
ARG_57@NH2         LYS_32@HZ3      LYS_32@NZ       13       0.0003       3.1396     126.8044
ASP_37@O           LYS_58@HZ2      LYS_58@NZ       12       0.0003       2.8920     146.4943
ASP_144@OD1         ASP_144@H      ASP_144@N       12       0.0003       2.9873     124.1025
GLU_17@OE1        ASN_18@HD22     ASN_18@ND2       12       0.0003       2.9890     144.3218
GLN_108@OE1          MET_1@H2        MET_1@N       12       0.0003       3.0123     127.7028
THR_123@O         THR_123@HG1    THR_123@OG1       12       0.0003       3.0523     132.0759
ASN_23@OD1           ASN_23@H       ASN_23@N       12       0.0003       3.0558     124.9629
ARG_44@NH1          SER_63@HG      SER_63@OG       12       0.0003       3.0631     128.0300
ASP_69@N           THR_68@HG1     THR_68@OG1       12       0.0003       3.1515     124.4499
GLU_17@N             ASN_18@H       ASN_18@N       11       0.0003       2.8384     121.2484
TRP_22@O          ASN_23@HD21     ASN_23@ND2       11       0.0003       2.9318     147.4570
LYS_76@O           LYS_76@HZ1      LYS_76@NZ       11       0.0003       2.9395     144.9712
THR_35@N           THR_35@HG1     THR_35@OG1       11       0.0003       2.9461     121.5045
HIE_114@ND1       ARG_12@HH12     ARG_12@NH1       11       0.0003       2.9577     136.6264
GLN_65@O           LYS_76@HZ1      LYS_76@NZ       11       0.0003       3.0034     144.0356
THR_123@OG1       ARG_98@HH21     ARG_98@NH2       11       0.0003       3.0143     143.6025
GLN_108@NE2         ARG_158@H      ARG_158@N       11       0.0003       3.1066     130.3825
ARG_12@NH2         TYR_128@HH     TYR_128@OH       11       0.0003       3.1313     123.2479
LYS_76@O            SER_77@HG      SER_77@OG       10       0.0003       2.8953     138.1847
GLU_48@O             ILE_50@H       ILE_50@N       10       0.0003       3.0382     127.2353
GLN_65@NE2         LYS_76@HZ2      LYS_76@NZ       10       0.0003       3.0671     135.2888
VAL_10@O             ARG_12@H       ARG_12@N       10       0.0003       3.0710     123.8813
SER_148@OG          SER_148@H      SER_148@N        9       0.0002       2.6618     121.3458
ASN_34@N             THR_35@H       THR_35@N        9       0.0002       2.8009     121.7137
PRO_21@N             TRP_22@H       TRP_22@N        9       0.0002       2.8310     121.7224
ASP_37@O           LYS_58@HZ1      LYS_58@NZ        9       0.0002       2.8339     146.4664
GLN_108@OE1        ARG_158@HE     ARG_158@NE        9       0.0002       2.9240     132.3273
LYS_76@O            SER_64@HG      SER_64@OG        9       0.0002       2.9445     152.1231
GLN_146@O        GLN_146@HE22    GLN_146@NE2        9       0.0002       2.9743     146.2206
LYS_76@O           LYS_76@HZ3      LYS_76@NZ        9       0.0002       2.9766     133.5697
ASP_131@OD2         ASP_132@H      ASP_132@N        9       0.0002       3.0315     126.6445
GLN_102@NE2       ARG_98@HH21     ARG_98@NH2        9       0.0002       3.0658     129.5089
SER_63@OG            VAL_75@H       VAL_75@N        9       0.0002       3.1148     134.8398
ALA_117@N         HIE_149@HE2    HIE_149@NE2        9       0.0002       3.1464     130.4936
SER_63@N            SER_63@HG      SER_63@OG        8       0.0002       2.7463     120.8969
ASP_70@OD2          ARG_71@HE      ARG_71@NE        8       0.0002       2.7551     153.2325
GLU_48@N             SER_49@H       SER_49@N        8       0.0002       2.7803     121.4316
ASP_70@OD2        ARG_71@HH21     ARG_71@NH2        8       0.0002       2.9156     138.2422
GLY_15@O          THR_123@HG1    THR_123@OG1        8       0.0002       2.9473     146.0083
GLU_48@OE1        ASN_18@HD22     ASN_18@ND2        8       0.0002       2.9866     137.5592
GLU_118@OE1         VAL_119@H      VAL_119@N        8       0.0002       3.0016     140.7976
GLU_80@OE2           GLU_80@H       GLU_80@N        8       0.0002       3.0045     137.7094
GLU_101@O           PHE_103@H      PHE_103@N        8       0.0002       3.0144     125.3574
LYS_76@O           LYS_76@HZ2      LYS_76@NZ        8       0.0002       3.0199     140.9295
PRO_66@O           THR_68@HG1     THR_68@OG1        8       0.0002       3.0424     131.6916
GLY_56@O            ARG_57@HE      ARG_57@NE        8       0.0002       3.0475     137.5171
ARG_98@NH1       GLN_102@HE21    GLN_102@NE2        8       0.0002       3.0636     133.7744
GLN_65@NE2         LYS_76@HZ3      LYS_76@NZ        8       0.0002       3.0697     133.4692
SER_135@OG         SER_138@HG     SER_138@OG        8       0.0002       3.0757     127.1432
LEU_104@O          ARG_158@HE     ARG_158@NE        8       0.0002       3.0812     143.6785
HIP_124@N         HIP_124@HD1    HIP_124@ND1        8       0.0002       3.1003     121.3279
ALA_84@O             GLY_86@H       GLY_86@N        8       0.0002       3.1055     126.6581
ARG_98@NH2       GLN_102@HE21    GLN_102@NE2        8       0.0002       3.1088     138.7827
ASP_132@N        ARG_159@HH21    ARG_159@NH2        8       0.0002       3.1103     136.1311
ASP_132@N           TRP_133@H      TRP_133@N        7       0.0002       2.7663     120.9294
GLU_48@OE1         THR_68@HG1     THR_68@OG1        7       0.0002       2.7747     161.6252
SER_49@N             ILE_50@H       ILE_50@N        7       0.0002       2.8071     120.9663
ALA_26@N             ASP_27@H       ASP_27@N        7       0.0002       2.8073     120.7236
GLN_65@O           LYS_76@HZ2      LYS_76@NZ        7       0.0002       2.8964     145.9496
THR_46@N           THR_46@HG1     THR_46@OG1        7       0.0002       2.8990     120.5005
ASP_144@OD2         ASP_144@H      ASP_144@N        7       0.0002       2.8999     124.8640
LEU_28@O           LYS_32@HZ1      LYS_32@NZ        7       0.0002       2.9468     137.1148
CYS_85@O             ASP_87@H       ASP_87@N        7       0.0002       3.0017     129.6946
GLN_65@O             GLY_67@H       GLY_67@N        7       0.0002       3.0257     127.2789
ARG_44@O            ARG_44@HE      ARG_44@NE        7       0.0002       3.0476     131.5994
THR_73@O             VAL_75@H       VAL_75@N        7       0.0002       3.0511     133.5877
VAL_72@O           TRP_74@HE1     TRP_74@NE1        7       0.0002       3.0736     122.0610
GLY_15@O            GLY_121@H      GLY_121@N        7       0.0002       3.1134     128.4018
GLN_108@NE2           ILE_2@H        ILE_2@N        7       0.0002       3.1204     154.6162
MET_92@SD          LYS_38@HZ1      LYS_38@NZ        7       0.0002       3.1657     123.6140
GLU_129@OE2       ARG_12@HH12     ARG_12@NH1        6       0.0001       2.8100     158.4530
GLU_101@OE1      GLN_102@HE21    GLN_102@NE2        6       0.0001       2.8523     148.3422
ARG_71@O           LYS_58@HZ1      LYS_58@NZ        6       0.0001       2.8575     162.0071
ASP_131@OD2      ARG_159@HH21    ARG_159@NH2        6       0.0001       2.8771     153.3284
ARG_71@O           LYS_58@HZ3      LYS_58@NZ        6       0.0001       2.8855     152.6397
GLN_146@O         ASN_23@HD22     ASN_23@ND2        6       0.0001       2.8966     131.2279
GLU_101@OE2      GLN_102@HE21    GLN_102@NE2        6       0.0001       2.9632     151.6586
GLU_17@OE2        ASN_18@HD22     ASN_18@ND2        6       0.0001       2.9737     142.6206
ASP_87@OD2           VAL_88@H       VAL_88@N        6       0.0001       3.0145     123.7342
LYS_106@O        ARG_158@HH22    ARG_158@NH2        6       0.0001       3.0204     130.2710
ALA_107@O        GLN_108@HE22    GLN_108@NE2        6       0.0001       3.0497     149.0808
PRO_126@O         ARG_12@HH21     ARG_12@NH2        6       0.0001       3.0649     125.0896
ARG_44@NH2        GLN_65@HE22     GLN_65@NE2        6       0.0001       3.1100     126.0922
GLN_65@NE2         LYS_76@HZ1      LYS_76@NZ        6       0.0001       3.1136     147.3361
PRO_105@O           ALA_107@H      ALA_107@N        6       0.0001       3.1276     127.6034
ARG_98@N             VAL_99@H       VAL_99@N        5       0.0001       2.7350     121.2062
LEU_112@O         THR_113@HG1    THR_113@OG1        5       0.0001       2.8348     159.7771
ASP_131@OD2      ARG_159@HH12    ARG_159@NH1        5       0.0001       2.8408     158.4309
THR_123@OG1       ARG_98@HH12     ARG_98@NH1        5       0.0001       2.9137     155.8945
ASP_69@OD2           ASP_69@H       ASP_69@N        5       0.0001       2.9440     125.2586
GLN_146@O          SER_148@HG     SER_148@OG        5       0.0001       2.9469     139.2516
ASP_144@OD1         ALA_145@H      ALA_145@N        5       0.0001       2.9511     127.2140
LEU_28@O           LYS_32@HZ2      LYS_32@NZ        5       0.0001       2.9527     158.7588
LEU_28@O           LYS_32@HZ3      LYS_32@NZ        5       0.0001       2.9580     135.6408
GLU_48@O          ASN_18@HD22     ASN_18@ND2        5       0.0001       2.9983     150.8805
ASP_132@OD1         ARG_159@H      ARG_159@N        5       0.0001       3.0180     142.3329
ILE_50@O          ARG_52@HH12     ARG_52@NH1        5       0.0001       3.0228     125.3224
GLY_15@O             GLU_17@H       GLU_17@N        5       0.0001       3.0451     138.0510
CYS_152@SG          PHE_153@H      PHE_153@N        5       0.0001       3.0698     123.0726
SER_63@OG           ARG_44@HE      ARG_44@NE        5       0.0001       3.0976     125.6871
ASN_23@N           SER_148@HG     SER_148@OG        5       0.0001       3.1028     128.3709
ARG_98@NH2       GLN_102@HE22    GLN_102@NE2        5       0.0001       3.1321     136.6011
ASP_132@N        ARG_159@HH12    ARG_159@NH1        5       0.0001       3.1500     131.2572
ARG_57@NH2         LYS_32@HZ2      LYS_32@NZ        5       0.0001       3.1505     140.5529
ARG_33@NH2        ASN_34@HD22     ASN_34@ND2        5       0.0001       3.1521     139.2659
ARG_98@N            ARG_98@HE      ARG_98@NE        5       0.0001       3.1678     127.1147
SER_64@OG            SER_64@H       SER_64@N        4       0.0001       2.6943     121.5520
CYS_85@N             GLY_86@H       GLY_86@N        4       0.0001       2.7634     120.6151
PRO_89@N             GLU_90@H       GLU_90@N        4       0.0001       2.8277     120.9950
SER_3@OG          LYS_109@HZ1     LYS_109@NZ        4       0.0001       2.9353     150.5416
GLU_154@OE1       ARG_12@HH22     ARG_12@NH2        4       0.0001       2.9441     153.1878
ASN_34@OD1        ARG_33@HH12     ARG_33@NH1        4       0.0001       2.9441     131.1527
ARG_71@O          ASN_59@HD21     ASN_59@ND2        4       0.0001       2.9592     151.4566
ASP_132@OD1      ARG_158@HH22    ARG_158@NH2        4       0.0001       2.9701     146.4890
LYS_32@O          ARG_57@HH22     ARG_57@NH2        4       0.0001       2.9876     125.3729
GLN_65@O          GLN_65@HE22     GLN_65@NE2        4       0.0001       2.9883     138.5916
ARG_12@NH1         TYR_128@HH     TYR_128@OH        4       0.0001       3.0023     124.8526
ASP_11@OD2        HIP_124@HD1    HIP_124@ND1        4       0.0001       3.0073     138.1657
ASP_132@O           GLU_134@H      GLU_134@N        4       0.0001       3.0219     130.6732
SER_3@OG          LYS_109@HZ3     LYS_109@NZ        4       0.0001       3.0572     130.9627
LYS_32@O          ARG_57@HH12     ARG_57@NH1        4       0.0001       3.0595     129.3873
GLU_17@O             ALA_19@H       ALA_19@N        4       0.0001       3.0628     129.0257
ARG_44@NH1        GLN_65@HE22     GLN_65@NE2        4       0.0001       3.0763     129.5621
SER_148@OG           ASN_23@H       ASN_23@N        4       0.0001       3.1018     124.7441
MET_92@SD          LYS_38@HZ3      LYS_38@NZ        4       0.0001       3.1041     129.3232
GLN_65@OE1           SER_64@H       SER_64@N        4       0.0001       3.1046     129.1309
ASN_23@ND2           ASN_23@H       ASN_23@N        4       0.0001       3.1237     129.0898
ASN_34@ND2           ASN_34@H       ASN_34@N        4       0.0001       3.1553     122.4791
VAL_93@O             GLY_95@H       GLY_95@N        4       0.0001       3.1743     132.7944
VAL_78@N             ASP_79@H       ASP_79@N        3       0.0001       2.7330     120.3702
LEU_28@N             ALA_29@H       ALA_29@N        3       0.0001       2.7567     120.8174
ASP_27@N             LEU_28@H       LEU_28@N        3       0.0001       2.7785     120.9360
HIP_124@O         ARG_98@HH12     ARG_98@NH1        3       0.0001       2.7974     159.0361
GLU_154@OE2       ARG_12@HH22     ARG_12@NH2        3       0.0001       2.8438     144.0855
ASP_131@OD1      ARG_159@HH12    ARG_159@NH1        3       0.0001       2.8518     135.7916
ASP_122@O         ARG_98@HH21     ARG_98@NH2        3       0.0001       2.8752     140.2521
GLU_154@OE1       ARG_12@HH12     ARG_12@NH1        3       0.0001       2.8807     150.5650
ASP_144@OD1      GLN_146@HE21    GLN_146@NE2        3       0.0001       2.9035     147.9337
ASP_87@OD1           VAL_88@H       VAL_88@N        3       0.0001       2.9406     127.4079
ASP_132@O        ARG_158@HH11    ARG_158@NH1        3       0.0001       2.9579     156.6934
ASP_131@OD2      ARG_159@HH22    ARG_159@NH2        3       0.0001       2.9787     150.8469
ASN_147@N        ASN_147@HD21    ASN_147@ND2        3       0.0001       2.9946     130.6038
GLN_65@O           LYS_76@HZ3      LYS_76@NZ        3       0.0001       3.0029     141.0262
ASP_116@OD2         ASP_116@H      ASP_116@N        3       0.0001       3.0268     123.7064
GLN_102@N        GLN_102@HE22    GLN_102@NE2        3       0.0001       3.0497     127.0607
ARG_159@OXT        ARG_159@HE     ARG_159@NE        3       0.0001       3.0561     130.0089
PRO_39@O             ILE_41@H       ILE_41@N        3       0.0001       3.0584     124.4625
GLN_65@NE2        ARG_44@HH11     ARG_44@NH1        3       0.0001       3.1176     121.0533
PRO_105@O          ARG_158@HE     ARG_158@NE        3       0.0001       3.1180     131.6791
ASN_147@ND2      GLN_146@HE22    GLN_146@NE2        3       0.0001       3.1256     152.2677
MET_1@SD              ILE_2@H        ILE_2@N        3       0.0001       3.1283     126.4677
LEU_54@O            ARG_57@HE      ARG_57@NE        3       0.0001       3.1283     137.0089
SER_49@N          ASN_18@HD22     ASN_18@ND2        3       0.0001       3.1372     124.8810
TRP_133@NE1        ARG_158@HE     ARG_158@NE        3       0.0001       3.1400     151.3193
HIE_149@N          SER_148@HG     SER_148@OG        3       0.0001       3.1454     126.2380
ARG_71@O           LYS_58@HZ2      LYS_58@NZ        3       0.0001       3.1488     138.2987
GLN_65@NE2        ARG_44@HH22     ARG_44@NH2        3       0.0001       3.1495     126.6513
ARG_44@NH2         HIP_45@HE2     HIP_45@NE2        3       0.0001       3.1544     124.1799
TRP_22@NE1        HIE_149@HE2    HIE_149@NE2        3       0.0001       3.1750     137.8689
HIE_149@O           HIE_149@H      HIE_149@N        2       0.0001       2.6062     120.8638
MET_1@O              MET_1@H3        MET_1@N        2       0.0001       2.6684     120.8051
SER_64@N            SER_64@HG      SER_64@OG        2       0.0001       2.7143     124.9536
MET_1@O              MET_1@H1        MET_1@N        2       0.0001       2.7243     120.3809
ALA_19@O             ALA_19@H       ALA_19@N        2       0.0001       2.7372     120.4125
GLU_80@N             ALA_81@H       ALA_81@N        2       0.0001       2.7410     120.1917
SER_150@N          SER_150@HG     SER_150@OG        2       0.0001       2.7621     120.6792
GLN_102@N           PHE_103@H      PHE_103@N        2       0.0001       2.7657     122.2269
ASP_79@N             GLU_80@H       GLU_80@N        2       0.0001       2.7689     120.6187
ASP_11@OD2        ARG_12@HH21     ARG_12@NH2        2       0.0001       2.7774     153.3352
GLN_146@N           ASN_147@H      ASN_147@N        2       0.0001       2.7811     120.2911
ARG_33@N             ASN_34@H       ASN_34@N        2       0.0001       2.7972     124.3022
THR_113@N         THR_113@HG1    THR_113@OG1        2       0.0001       2.8119     123.3732
GLU_90@OE1           GLU_90@H       GLU_90@N        2       0.0001       2.8161     133.8957
ASP_132@OD2         ASP_132@H      ASP_132@N        2       0.0001       2.8515     125.8436
SER_148@N          SER_148@HG     SER_148@OG        2       0.0001       2.8583     126.0306
SER_49@O             GLY_51@H       GLY_51@N        2       0.0001       2.8661     122.3230
ASP_69@OD2        ARG_71@HH22     ARG_71@NH2        2       0.0001       2.8706     136.6763
SER_3@OG            LYS_109@H      LYS_109@N        2       0.0001       2.9001     146.3458
GLU_101@OE1       HIP_124@HE2    HIP_124@NE2        2       0.0001       2.9098     150.3390
GLU_139@OE2       ARG_33@HH22     ARG_33@NH2        2       0.0001       2.9334     153.0690
GLU_139@OE2       ARG_33@HH12     ARG_33@NH1        2       0.0001       2.9380     151.9909
GLU_90@OE2           GLU_90@H       GLU_90@N        2       0.0001       2.9641     137.8621
MET_20@O          ASN_23@HD21     ASN_23@ND2        2       0.0001       2.9808     163.8472
SER_150@OG          TYR_151@H      TYR_151@N        2       0.0001       2.9894     120.9656
ASP_144@OD2      GLN_146@HE21    GLN_146@NE2        2       0.0001       3.0119     137.7933
THR_68@OG1         TRP_74@HE1     TRP_74@NE1        2       0.0001       3.0120     124.0363
GLN_65@OE1          ARG_44@HE      ARG_44@NE        2       0.0001       3.0177     124.6176
TRP_133@N        ARG_159@HH12    ARG_159@NH1        2       0.0001       3.0190     128.2287
THR_123@OG1       ARG_98@HH22     ARG_98@NH2        2       0.0001       3.0230     135.4564
GLY_96@N           THR_46@HG1     THR_46@OG1        2       0.0001       3.0285     120.2166
ASN_34@OD1        ARG_33@HH22     ARG_33@NH2        2       0.0001       3.0403     128.6862
HIE_114@ND1         HIE_114@H      HIE_114@N        2       0.0001       3.0460     126.8092
GLN_65@NE2           SER_64@H       SER_64@N        2       0.0001       3.0460     131.2045
ARG_57@NH1           ASP_37@H       ASP_37@N        2       0.0001       3.0569     126.4903
ARG_52@O             LEU_54@H       LEU_54@N        2       0.0001       3.0613     124.4300
ARG_158@NH1      GLN_108@HE22    GLN_108@NE2        2       0.0001       3.0815     126.2696
ASP_122@O         HIP_124@HE2    HIP_124@NE2        2       0.0001       3.0843     123.1328
VAL_72@O           THR_73@HG1     THR_73@OG1        2       0.0001       3.0891     145.0404
GLU_154@OE1        TYR_128@HH     TYR_128@OH        2       0.0001       3.0931     146.4161
GLY_97@O            ARG_98@HE      ARG_98@NE        2       0.0001       3.0978     143.8868
ARG_44@NH2         THR_68@HG1     THR_68@OG1        2       0.0001       3.1010     131.9183
ASP_69@OD1           VAL_72@H       VAL_72@N        2       0.0001       3.1039     158.4127
GLN_65@N          GLN_65@HE22     GLN_65@NE2        2       0.0001       3.1062     132.4633
ASP_132@N        ARG_159@HH22    ARG_159@NH2        2       0.0001       3.1361     126.6596
MET_16@SD         ASN_18@HD21     ASN_18@ND2        2       0.0001       3.1507     139.4794
SER_138@OG         SER_135@HG     SER_135@OG        2       0.0001       3.1572     131.0277
ARG_52@NH1        ARG_71@HH12     ARG_71@NH1        2       0.0001       3.1593     129.5313
ARG_98@NH1       GLN_102@HE22    GLN_102@NE2        2       0.0001       3.1694     152.9192
TYR_151@N          SER_150@HG     SER_150@OG        2       0.0001       3.1745     120.8859
ASP_11@OD1        HIP_124@HD1    HIP_124@ND1        2       0.0001       3.1796     123.1902
GLN_65@N            SER_64@HG      SER_64@OG        2       0.0001       3.1836     122.1482
GLY_67@O          ARG_44@HH22     ARG_44@NH2        2       0.0001       3.1878     131.3649
ARG_12@NH2        HIP_124@HD1    HIP_124@ND1        2       0.0001       3.1965     126.2962
ASN_59@O           LYS_58@HZ2      LYS_58@NZ        1       0.0000       2.6200     155.2927
VAL_88@O             VAL_88@H       VAL_88@N        1       0.0000       2.6262     120.0494
SER_77@O             SER_77@H       SER_77@N        1       0.0000       2.6300     121.0014
CYS_152@O           CYS_152@H      CYS_152@N        1       0.0000       2.6593     120.0977
PRO_66@O          ARG_44@HH11     ARG_44@NH1        1       0.0000       2.6616     122.1929
PRO_105@O        ARG_158@HH12    ARG_158@NH1        1       0.0000       2.6743     132.2999
MET_1@O              MET_1@H2        MET_1@N        1       0.0000       2.6914     122.0167
ASP_69@OD2         THR_68@HG1     THR_68@OG1        1       0.0000       2.6959     158.4092
ILE_50@N             GLY_51@H       GLY_51@N        1       0.0000       2.7000     121.8694
THR_46@N             TRP_47@H       TRP_47@N        1       0.0000       2.7115     122.6127
PHE_137@O           PHE_137@H      PHE_137@N        1       0.0000       2.7416     120.2753
ASP_69@OD1         THR_68@HG1     THR_68@OG1        1       0.0000       2.7424     155.1925
LYS_32@N             ARG_33@H       ARG_33@N        1       0.0000       2.7564     120.3066
GLU_154@OE2        TYR_128@HH     TYR_128@OH        1       0.0000       2.7951     153.4002
ASP_132@OD2      ARG_159@HH21    ARG_159@NH2        1       0.0000       2.7995     146.4348
ASP_37@OD2           ASP_37@H       ASP_37@N        1       0.0000       2.8077     123.9621
ASP_132@OD2      ARG_158@HH22    ARG_158@NH2        1       0.0000       2.8477     150.1421
ALA_145@O          SER_148@HG     SER_148@OG        1       0.0000       2.8596     151.8798
GLU_101@N           GLN_102@H      GLN_102@N        1       0.0000       2.8602     120.3302
PHE_103@N           LEU_104@H      LEU_104@N        1       0.0000       2.8639     120.0113
ASP_37@OD1           ASP_37@H       ASP_37@N        1       0.0000       2.8703     123.1341
SER_77@O             ASP_79@H       ASP_79@N        1       0.0000       2.8789     126.6645
GLU_157@O           ARG_159@H      ARG_159@N        1       0.0000       2.8791     121.3176
GLU_48@OE2        GLN_65@HE21     GLN_65@NE2        1       0.0000       2.8974     138.9529
SER_135@O        ARG_159@HH12    ARG_159@NH1        1       0.0000       2.9074     158.1329
GLU_118@N          TRP_22@HE1     TRP_22@NE1        1       0.0000       2.9094     125.8132
GLY_51@O            ARG_52@HE      ARG_52@NE        1       0.0000       2.9306     153.8558
GLY_97@O          ARG_98@HH11     ARG_98@NH1        1       0.0000       2.9339     133.6954
ASN_23@O          HIE_149@HE2    HIE_149@NE2        1       0.0000       2.9374     143.2468
PRO_66@O          GLN_65@HE21     GLN_65@NE2        1       0.0000       2.9723     124.1332
MET_16@O          ASN_18@HD21     ASN_18@ND2        1       0.0000       2.9822     167.1029
ASP_37@O           LYS_38@HZ1      LYS_38@NZ        1       0.0000       2.9843     151.5389
VAL_78@O             GLU_80@H       GLU_80@N        1       0.0000       3.0002     145.9522
ARG_158@N        GLN_108@HE21    GLN_108@NE2        1       0.0000       3.0050     123.7434
LYS_106@O         LYS_106@HZ2     LYS_106@NZ        1       0.0000       3.0057     129.1863
GLU_48@OE1        ASN_18@HD21     ASN_18@ND2        1       0.0000       3.0060     132.6261
TRP_30@N          ARG_33@HH12     ARG_33@NH1        1       0.0000       3.0089     130.9251
TRP_74@O           LYS_76@HZ2      LYS_76@NZ        1       0.0000       3.0131     123.8925
ASP_127@OD1         GLU_129@H      GLU_129@N        1       0.0000       3.0160     160.2884
LYS_32@O           LYS_32@HZ3      LYS_32@NZ        1       0.0000       3.0196     123.4782
HIE_114@ND1         ARG_12@HE      ARG_12@NE        1       0.0000       3.0206     152.6062
ASP_131@OD1         ASP_132@H      ASP_132@N        1       0.0000       3.0240     123.0541
GLU_139@OE1       ARG_33@HH22     ARG_33@NH2        1       0.0000       3.0264     162.2096
GLN_102@NE2       LYS_106@HZ3     LYS_106@NZ        1       0.0000       3.0470     127.5799
VAL_78@O          LYS_106@HZ2     LYS_106@NZ        1       0.0000       3.0473     157.4541
ASP_127@OD2         GLU_129@H      GLU_129@N        1       0.0000       3.0488     128.6995
PRO_105@O        GLN_108@HE21    GLN_108@NE2        1       0.0000       3.0493     125.8582
ASP_11@OD1        ARG_12@HH12     ARG_12@NH1        1       0.0000       3.0546     125.6588
TRP_74@O           LYS_76@HZ3      LYS_76@NZ        1       0.0000       3.0682     155.0170
ARG_33@O          ARG_33@HH21     ARG_33@NH2        1       0.0000       3.0697     133.5726
ASP_127@O         ARG_12@HH22     ARG_12@NH2        1       0.0000       3.0710     141.9750
ASP_116@O           GLU_118@H      GLU_118@N        1       0.0000       3.0738     123.6675
GLU_17@OE2          ASP_122@H      ASP_122@N        1       0.0000       3.0753     175.4341
MET_92@SD          LYS_38@HZ2      LYS_38@NZ        1       0.0000       3.0775     124.2979
HIE_149@O           ALA_143@H      ALA_143@N        1       0.0000       3.0807     131.2816
SER_64@N            SER_63@HG      SER_63@OG        1       0.0000       3.0839     126.3046
LYS_32@O          ARG_57@HH11     ARG_57@NH1        1       0.0000       3.0842     122.6171
ASP_69@OD2           VAL_72@H       VAL_72@N        1       0.0000       3.0873     162.7702
VAL_75@N            SER_63@HG      SER_63@OG        1       0.0000       3.0922     125.7892
GLU_129@OE2       ARG_12@HH22     ARG_12@NH2        1       0.0000       3.0948     139.8397
ARG_33@NH1        ASN_34@HD22     ASN_34@ND2        1       0.0000       3.1060     150.6353
MET_1@SD         GLN_108@HE22    GLN_108@NE2        1       0.0000       3.1072     162.9232
TYR_100@O           GLN_102@H      GLN_102@N        1       0.0000       3.1101     124.9995
TRP_133@NE1      ARG_158@HH21    ARG_158@NH2        1       0.0000       3.1182     121.3771
SER_3@O              SER_3@HG       SER_3@OG        1       0.0000       3.1206     120.8130
CYS_152@SG          GLU_139@H      GLU_139@N        1       0.0000       3.1222     120.6322
TYR_151@OH       ASN_147@HD22    ASN_147@ND2        1       0.0000       3.1223     154.9189
PHE_153@N         HIE_141@HE2    HIE_141@NE2        1       0.0000       3.1260     128.2398
ARG_71@NH2           ASP_70@H       ASP_70@N        1       0.0000       3.1286     141.9035
LYS_38@O            ARG_57@HE      ARG_57@NE        1       0.0000       3.1355     129.4660
ASP_142@O          TYR_151@HH     TYR_151@OH        1       0.0000       3.1359     131.7117
HIP_45@ND1           HIP_45@H       HIP_45@N        1       0.0000       3.1377     125.6206
ASP_11@OD2          ARG_12@HE      ARG_12@NE        1       0.0000       3.1483     136.0482
ILE_60@O             LEU_62@H       LEU_62@N        1       0.0000       3.1500     125.2001
GLY_67@N          ARG_44@HH12     ARG_44@NH1        1       0.0000       3.1516     136.3437
ILE_41@O             GLY_95@H       GLY_95@N        1       0.0000       3.1639     150.5296
ASP_131@OD1      ARG_159@HH22    ARG_159@NH2        1       0.0000       3.1643     128.7983
GLU_134@N        ARG_159@HH11    ARG_159@NH1        1       0.0000       3.1649     121.4338
GLN_102@NE2       LYS_106@HZ1     LYS_106@NZ        1       0.0000       3.1651     134.9713
ARG_98@NE        GLN_102@HE22    GLN_102@NE2        1       0.0000       3.1661     120.1906
HIE_149@ND1         HIE_149@H      HIE_149@N        1       0.0000       3.1730     120.9784
PRO_55@O           LYS_32@HZ3      LYS_32@NZ        1       0.0000       3.1758     137.7491
THR_68@OG1        ARG_44@HH11     ARG_44@NH1        1       0.0000       3.1781     131.2204
ASP_132@N        ARG_159@HH11    ARG_159@NH1        1       0.0000       3.1782     133.5762
ARG_57@NE            ASP_37@H       ASP_37@N        1       0.0000       3.1797     126.9079
GLN_102@NE2       LYS_106@HZ2     LYS_106@NZ        1       0.0000       3.1803     126.4297
ASP_116@OD1         ASP_116@H      ASP_116@N        1       0.0000       3.1815     120.0422
GLU_118@OE2       HIE_149@HE2    HIE_149@NE2        1       0.0000       3.1829     163.5622
GLN_102@NE2       ARG_98@HH11     ARG_98@NH1        1       0.0000       3.1862     121.8096
ARG_12@NE          TYR_128@HH     TYR_128@OH        1       0.0000       3.1879     123.3699
ARG_52@NE         ARG_71@HH12     ARG_71@NH1        1       0.0000       3.1958     123.0873
ALA_29@O          ARG_33@HH21     ARG_33@NH2        1       0.0000       3.1967     122.8265
TRP_133@N          ARG_159@HE     ARG_159@NE        1       0.0000       3.1975     122.4234
ARG_52@NE            ARG_52@H       ARG_52@N        1       0.0000       3.1995     155.4423
